{"C:\\Users\\vtliu\\Desktop\\CSE186\\Assignment 8\\backend\\src\\ByIdFunction.js": {"path":"C:\\Users\\vtliu\\Desktop\\CSE186\\Assignment 8\\backend\\src\\ByIdFunction.js","statementMap":{"0":{"start":{"line":1,"column":15},"end":{"line":1,"column":28}},"1":{"start":{"line":3,"column":13},"end":{"line":9,"column":2}},"2":{"start":{"line":11,"column":0},"end":{"line":38,"column":2}},"3":{"start":{"line":13,"column":17},"end":{"line":13,"column":37}},"4":{"start":{"line":14,"column":16},"end":{"line":16,"column":3}},"5":{"start":{"line":17,"column":17},"end":{"line":17,"column":40}},"6":{"start":{"line":19,"column":2},"end":{"line":33,"column":3}},"7":{"start":{"line":20,"column":4},"end":{"line":32,"column":5}},"8":{"start":{"line":23,"column":6},"end":{"line":31,"column":8}},"9":{"start":{"line":34,"column":2},"end":{"line":36,"column":3}},"10":{"start":{"line":35,"column":4},"end":{"line":35,"column":21}},"11":{"start":{"line":37,"column":2},"end":{"line":37,"column":16}}},"fnMap":{"0":{"name":"(anonymous_0)","decl":{"start":{"line":11,"column":18},"end":{"line":11,"column":19}},"loc":{"start":{"line":11,"column":38},"end":{"line":38,"column":1}},"line":11}},"branchMap":{"0":{"loc":{"start":{"line":20,"column":4},"end":{"line":32,"column":5}},"type":"if","locations":[{"start":{"line":20,"column":4},"end":{"line":32,"column":5}},{"start":{},"end":{}}],"line":20},"1":{"loc":{"start":{"line":34,"column":2},"end":{"line":36,"column":3}},"type":"if","locations":[{"start":{"line":34,"column":2},"end":{"line":36,"column":3}},{"start":{},"end":{}}],"line":34}},"s":{"0":6,"1":6,"2":6,"3":2,"4":2,"5":2,"6":2,"7":62,"8":1,"9":2,"10":1,"11":1},"f":{"0":2},"b":{"0":[1,61],"1":[1,1]},"_coverageSchema":"1a1c01bbd47fc00a2c39e90264f33305004495a9","hash":"c219eb7f9eb4b6aa172955f52e113dd19d4733fe"}
,"C:\\Users\\vtliu\\Desktop\\CSE186\\Assignment 8\\backend\\src\\app.js": {"path":"C:\\Users\\vtliu\\Desktop\\CSE186\\Assignment 8\\backend\\src\\app.js","statementMap":{"0":{"start":{"line":1,"column":16},"end":{"line":1,"column":34}},"1":{"start":{"line":2,"column":13},"end":{"line":2,"column":28}},"2":{"start":{"line":3,"column":13},"end":{"line":3,"column":31}},"3":{"start":{"line":4,"column":18},"end":{"line":4,"column":47}},"4":{"start":{"line":5,"column":11},"end":{"line":5,"column":24}},"5":{"start":{"line":6,"column":13},"end":{"line":6,"column":28}},"6":{"start":{"line":7,"column":25},"end":{"line":7,"column":61}},"7":{"start":{"line":10,"column":12},"end":{"line":10,"column":21}},"8":{"start":{"line":11,"column":0},"end":{"line":11,"column":16}},"9":{"start":{"line":12,"column":0},"end":{"line":12,"column":24}},"10":{"start":{"line":13,"column":0},"end":{"line":13,"column":47}},"11":{"start":{"line":15,"column":16},"end":{"line":15,"column":59}},"12":{"start":{"line":16,"column":15},"end":{"line":16,"column":58}},"13":{"start":{"line":18,"column":0},"end":{"line":22,"column":2}},"14":{"start":{"line":24,"column":0},"end":{"line":30,"column":2}},"15":{"start":{"line":32,"column":14},"end":{"line":32,"column":32}},"16":{"start":{"line":33,"column":18},"end":{"line":33,"column":36}},"17":{"start":{"line":34,"column":17},"end":{"line":34,"column":34}},"18":{"start":{"line":36,"column":0},"end":{"line":36,"column":32}},"19":{"start":{"line":38,"column":0},"end":{"line":38,"column":38}},"20":{"start":{"line":39,"column":0},"end":{"line":39,"column":57}},"21":{"start":{"line":40,"column":0},"end":{"line":40,"column":59}},"22":{"start":{"line":41,"column":0},"end":{"line":41,"column":53}},"23":{"start":{"line":42,"column":0},"end":{"line":42,"column":60}},"24":{"start":{"line":44,"column":0},"end":{"line":50,"column":3}},"25":{"start":{"line":45,"column":2},"end":{"line":49,"column":5}},"26":{"start":{"line":52,"column":0},"end":{"line":52,"column":21}}},"fnMap":{"0":{"name":"(anonymous_0)","decl":{"start":{"line":44,"column":8},"end":{"line":44,"column":9}},"loc":{"start":{"line":44,"column":33},"end":{"line":50,"column":1}},"line":44}},"branchMap":{},"s":{"0":6,"1":6,"2":6,"3":6,"4":6,"5":6,"6":6,"7":6,"8":6,"9":6,"10":6,"11":6,"12":6,"13":6,"14":6,"15":6,"16":6,"17":6,"18":6,"19":6,"20":6,"21":6,"22":6,"23":6,"24":6,"25":10,"26":6},"f":{"0":10},"b":{},"_coverageSchema":"1a1c01bbd47fc00a2c39e90264f33305004495a9","hash":"2e46c69c08125741d20ac18b7b8934b2430e909e"}
,"C:\\Users\\vtliu\\Desktop\\CSE186\\Assignment 8\\backend\\src\\composeEmail.js": {"path":"C:\\Users\\vtliu\\Desktop\\CSE186\\Assignment 8\\backend\\src\\composeEmail.js","statementMap":{"0":{"start":{"line":1,"column":15},"end":{"line":1,"column":28}},"1":{"start":{"line":2,"column":13},"end":{"line":8,"column":2}},"2":{"start":{"line":10,"column":0},"end":{"line":57,"column":2}},"3":{"start":{"line":11,"column":18},"end":{"line":11,"column":61}},"4":{"start":{"line":12,"column":15},"end":{"line":12,"column":63}},"5":{"start":{"line":13,"column":13},"end":{"line":13,"column":67}},"6":{"start":{"line":14,"column":20},"end":{"line":21,"column":3}},"7":{"start":{"line":22,"column":20},"end":{"line":22,"column":22}},"8":{"start":{"line":23,"column":16},"end":{"line":26,"column":3}},"9":{"start":{"line":27,"column":18},"end":{"line":27,"column":41}},"10":{"start":{"line":28,"column":2},"end":{"line":30,"column":3}},"11":{"start":{"line":28,"column":15},"end":{"line":28,"column":16}},"12":{"start":{"line":29,"column":4},"end":{"line":29,"column":65}},"13":{"start":{"line":32,"column":2},"end":{"line":37,"column":3}},"14":{"start":{"line":32,"column":15},"end":{"line":32,"column":16}},"15":{"start":{"line":34,"column":4},"end":{"line":36,"column":5}},"16":{"start":{"line":35,"column":6},"end":{"line":35,"column":39}},"17":{"start":{"line":39,"column":27},"end":{"line":42,"column":16}},"18":{"start":{"line":43,"column":2},"end":{"line":46,"column":18}},"19":{"start":{"line":47,"column":21},"end":{"line":55,"column":3}},"20":{"start":{"line":56,"column":2},"end":{"line":56,"column":20}}},"fnMap":{"0":{"name":"(anonymous_0)","decl":{"start":{"line":10,"column":20},"end":{"line":10,"column":21}},"loc":{"start":{"line":10,"column":35},"end":{"line":57,"column":1}},"line":10}},"branchMap":{"0":{"loc":{"start":{"line":34,"column":4},"end":{"line":36,"column":5}},"type":"if","locations":[{"start":{"line":34,"column":4},"end":{"line":36,"column":5}},{"start":{},"end":{}}],"line":34}},"s":{"0":6,"1":6,"2":6,"3":3,"4":3,"5":3,"6":3,"7":3,"8":3,"9":3,"10":3,"11":3,"12":9,"13":3,"14":3,"15":9,"16":3,"17":3,"18":3,"19":3,"20":3},"f":{"0":3},"b":{"0":[3,6]},"_coverageSchema":"1a1c01bbd47fc00a2c39e90264f33305004495a9","hash":"618f7d645c54e548fb748f2d624015c8254f4410"}
,"C:\\Users\\vtliu\\Desktop\\CSE186\\Assignment 8\\backend\\src\\dummy.js": {"path":"C:\\Users\\vtliu\\Desktop\\CSE186\\Assignment 8\\backend\\src\\dummy.js","statementMap":{"0":{"start":{"line":1,"column":15},"end":{"line":1,"column":28}},"1":{"start":{"line":3,"column":13},"end":{"line":9,"column":2}},"2":{"start":{"line":11,"column":20},"end":{"line":19,"column":1}},"3":{"start":{"line":12,"column":17},"end":{"line":12,"column":38}},"4":{"start":{"line":13,"column":16},"end":{"line":16,"column":3}},"5":{"start":{"line":17,"column":17},"end":{"line":17,"column":40}},"6":{"start":{"line":18,"column":2},"end":{"line":18,"column":25}},"7":{"start":{"line":21,"column":0},"end":{"line":25,"column":2}},"8":{"start":{"line":22,"column":2},"end":{"line":24,"column":52}}},"fnMap":{"0":{"name":"(anonymous_0)","decl":{"start":{"line":11,"column":20},"end":{"line":11,"column":21}},"loc":{"start":{"line":11,"column":32},"end":{"line":19,"column":1}},"line":11},"1":{"name":"(anonymous_1)","decl":{"start":{"line":21,"column":14},"end":{"line":21,"column":15}},"loc":{"start":{"line":21,"column":34},"end":{"line":25,"column":1}},"line":21}},"branchMap":{},"s":{"0":6,"1":6,"2":6,"3":1,"4":1,"5":1,"6":1,"7":6,"8":1},"f":{"0":1,"1":1},"b":{},"_coverageSchema":"1a1c01bbd47fc00a2c39e90264f33305004495a9","hash":"2fd4314ebdf62a55eb5ec405380aaad9d86596ea"}
,"C:\\Users\\vtliu\\Desktop\\CSE186\\Assignment 8\\backend\\src\\getByMailbox.js": {"path":"C:\\Users\\vtliu\\Desktop\\CSE186\\Assignment 8\\backend\\src\\getByMailbox.js","statementMap":{"0":{"start":{"line":1,"column":15},"end":{"line":1,"column":28}},"1":{"start":{"line":3,"column":13},"end":{"line":9,"column":2}},"2":{"start":{"line":11,"column":0},"end":{"line":111,"column":2}},"3":{"start":{"line":14,"column":2},"end":{"line":18,"column":3}},"4":{"start":{"line":15,"column":19},"end":{"line":15,"column":44}},"5":{"start":{"line":16,"column":4},"end":{"line":16,"column":22}},"6":{"start":{"line":17,"column":4},"end":{"line":17,"column":35}},"7":{"start":{"line":20,"column":20},"end":{"line":20,"column":22}},"8":{"start":{"line":21,"column":23},"end":{"line":21,"column":25}},"9":{"start":{"line":23,"column":16},"end":{"line":26,"column":3}},"10":{"start":{"line":27,"column":18},"end":{"line":27,"column":41}},"11":{"start":{"line":28,"column":2},"end":{"line":31,"column":3}},"12":{"start":{"line":28,"column":15},"end":{"line":28,"column":16}},"13":{"start":{"line":29,"column":4},"end":{"line":29,"column":65}},"14":{"start":{"line":30,"column":4},"end":{"line":30,"column":44}},"15":{"start":{"line":33,"column":17},"end":{"line":35,"column":3}},"16":{"start":{"line":36,"column":17},"end":{"line":36,"column":41}},"17":{"start":{"line":38,"column":2},"end":{"line":90,"column":3}},"18":{"start":{"line":39,"column":4},"end":{"line":54,"column":5}},"19":{"start":{"line":39,"column":17},"end":{"line":39,"column":18}},"20":{"start":{"line":40,"column":19},"end":{"line":40,"column":63}},"21":{"start":{"line":41,"column":6},"end":{"line":53,"column":7}},"22":{"start":{"line":42,"column":8},"end":{"line":42,"column":17}},"23":{"start":{"line":44,"column":8},"end":{"line":52,"column":11}},"24":{"start":{"line":57,"column":4},"end":{"line":89,"column":5}},"25":{"start":{"line":57,"column":17},"end":{"line":57,"column":18}},"26":{"start":{"line":58,"column":19},"end":{"line":58,"column":63}},"27":{"start":{"line":59,"column":6},"end":{"line":88,"column":7}},"28":{"start":{"line":60,"column":8},"end":{"line":60,"column":17}},"29":{"start":{"line":61,"column":13},"end":{"line":88,"column":7}},"30":{"start":{"line":65,"column":8},"end":{"line":73,"column":11}},"31":{"start":{"line":74,"column":13},"end":{"line":88,"column":7}},"32":{"start":{"line":79,"column":8},"end":{"line":87,"column":11}},"33":{"start":{"line":93,"column":17},"end":{"line":93,"column":19}},"34":{"start":{"line":94,"column":2},"end":{"line":106,"column":3}},"35":{"start":{"line":95,"column":4},"end":{"line":95,"column":37}},"36":{"start":{"line":97,"column":4},"end":{"line":97,"column":63}},"37":{"start":{"line":99,"column":4},"end":{"line":105,"column":5}},"38":{"start":{"line":100,"column":6},"end":{"line":100,"column":23}},"39":{"start":{"line":102,"column":6},"end":{"line":104,"column":46}},"40":{"start":{"line":108,"column":2},"end":{"line":110,"column":3}},"41":{"start":{"line":109,"column":4},"end":{"line":109,"column":18}},"42":{"start":{"line":114,"column":0},"end":{"line":125,"column":2}},"43":{"start":{"line":116,"column":27},"end":{"line":116,"column":32}},"44":{"start":{"line":117,"column":23},"end":{"line":117,"column":51}},"45":{"start":{"line":118,"column":2},"end":{"line":123,"column":3}},"46":{"start":{"line":119,"column":4},"end":{"line":119,"column":36}},"47":{"start":{"line":120,"column":4},"end":{"line":120,"column":30}},"48":{"start":{"line":122,"column":4},"end":{"line":122,"column":36}},"49":{"start":{"line":124,"column":2},"end":{"line":124,"column":40}},"50":{"start":{"line":127,"column":0},"end":{"line":135,"column":2}},"51":{"start":{"line":128,"column":2},"end":{"line":134,"column":3}},"52":{"start":{"line":128,"column":15},"end":{"line":128,"column":16}},"53":{"start":{"line":129,"column":16},"end":{"line":129,"column":41}},"54":{"start":{"line":130,"column":4},"end":{"line":133,"column":5}},"55":{"start":{"line":132,"column":6},"end":{"line":132,"column":17}}},"fnMap":{"0":{"name":"(anonymous_0)","decl":{"start":{"line":11,"column":23},"end":{"line":11,"column":24}},"loc":{"start":{"line":11,"column":68},"end":{"line":111,"column":1}},"line":11},"1":{"name":"(anonymous_1)","decl":{"start":{"line":114,"column":12},"end":{"line":114,"column":13}},"loc":{"start":{"line":114,"column":32},"end":{"line":125,"column":1}},"line":114},"2":{"name":"(anonymous_2)","decl":{"start":{"line":127,"column":10},"end":{"line":127,"column":11}},"loc":{"start":{"line":127,"column":29},"end":{"line":135,"column":1}},"line":127}},"branchMap":{"0":{"loc":{"start":{"line":14,"column":2},"end":{"line":18,"column":3}},"type":"if","locations":[{"start":{"line":14,"column":2},"end":{"line":18,"column":3}},{"start":{},"end":{}}],"line":14},"1":{"loc":{"start":{"line":38,"column":2},"end":{"line":90,"column":3}},"type":"if","locations":[{"start":{"line":38,"column":2},"end":{"line":90,"column":3}},{"start":{"line":55,"column":9},"end":{"line":90,"column":3}}],"line":38},"2":{"loc":{"start":{"line":41,"column":6},"end":{"line":53,"column":7}},"type":"if","locations":[{"start":{"line":41,"column":6},"end":{"line":53,"column":7}},{"start":{"line":43,"column":13},"end":{"line":53,"column":7}}],"line":41},"3":{"loc":{"start":{"line":59,"column":6},"end":{"line":88,"column":7}},"type":"if","locations":[{"start":{"line":59,"column":6},"end":{"line":88,"column":7}},{"start":{"line":61,"column":13},"end":{"line":88,"column":7}}],"line":59},"4":{"loc":{"start":{"line":61,"column":13},"end":{"line":88,"column":7}},"type":"if","locations":[{"start":{"line":61,"column":13},"end":{"line":88,"column":7}},{"start":{"line":74,"column":13},"end":{"line":88,"column":7}}],"line":61},"5":{"loc":{"start":{"line":62,"column":8},"end":{"line":64,"column":43}},"type":"binary-expr","locations":[{"start":{"line":62,"column":9},"end":{"line":62,"column":36}},{"start":{"line":63,"column":10},"end":{"line":63,"column":44}},{"start":{"line":64,"column":9},"end":{"line":64,"column":41}}],"line":62},"6":{"loc":{"start":{"line":74,"column":13},"end":{"line":88,"column":7}},"type":"if","locations":[{"start":{"line":74,"column":13},"end":{"line":88,"column":7}},{"start":{},"end":{}}],"line":74},"7":{"loc":{"start":{"line":74,"column":17},"end":{"line":78,"column":61}},"type":"binary-expr","locations":[{"start":{"line":74,"column":18},"end":{"line":74,"column":46}},{"start":{"line":75,"column":10},"end":{"line":75,"column":63}},{"start":{"line":76,"column":9},"end":{"line":76,"column":60}},{"start":{"line":77,"column":9},"end":{"line":77,"column":60}},{"start":{"line":78,"column":9},"end":{"line":78,"column":60}}],"line":74},"8":{"loc":{"start":{"line":94,"column":2},"end":{"line":106,"column":3}},"type":"if","locations":[{"start":{"line":94,"column":2},"end":{"line":106,"column":3}},{"start":{"line":98,"column":9},"end":{"line":106,"column":3}}],"line":94},"9":{"loc":{"start":{"line":99,"column":4},"end":{"line":105,"column":5}},"type":"if","locations":[{"start":{"line":99,"column":4},"end":{"line":105,"column":5}},{"start":{"line":101,"column":11},"end":{"line":105,"column":5}}],"line":99},"10":{"loc":{"start":{"line":108,"column":2},"end":{"line":110,"column":3}},"type":"if","locations":[{"start":{"line":108,"column":2},"end":{"line":110,"column":3}},{"start":{},"end":{}}],"line":108},"11":{"loc":{"start":{"line":108,"column":6},"end":{"line":108,"column":57}},"type":"binary-expr","locations":[{"start":{"line":108,"column":7},"end":{"line":108,"column":24}},{"start":{"line":108,"column":30},"end":{"line":108,"column":56}}],"line":108},"12":{"loc":{"start":{"line":118,"column":2},"end":{"line":123,"column":3}},"type":"if","locations":[{"start":{"line":118,"column":2},"end":{"line":123,"column":3}},{"start":{"line":121,"column":9},"end":{"line":123,"column":3}}],"line":118},"13":{"loc":{"start":{"line":130,"column":4},"end":{"line":133,"column":5}},"type":"if","locations":[{"start":{"line":130,"column":4},"end":{"line":133,"column":5}},{"start":{},"end":{}}],"line":130}},"s":{"0":6,"1":6,"2":6,"3":7,"4":2,"5":2,"6":2,"7":7,"8":7,"9":7,"10":7,"11":7,"12":7,"13":23,"14":23,"15":7,"16":7,"17":7,"18":5,"19":5,"20":151,"21":151,"22":76,"23":75,"24":2,"25":2,"26":60,"27":60,"28":30,"29":30,"30":1,"31":29,"32":1,"33":7,"34":7,"35":1,"36":1,"37":6,"38":1,"39":5,"40":6,"41":5,"42":6,"43":2,"44":2,"45":2,"46":1,"47":1,"48":1,"49":2,"50":6,"51":211,"52":211,"53":560,"54":560,"55":105},"f":{"0":7,"1":2,"2":211},"b":{"0":[2,5],"1":[5,2],"2":[76,75],"3":[30,30],"4":[1,29],"5":[30,15,15],"6":[1,28],"7":[29,15,14,28,28],"8":[1,6],"9":[1,5],"10":[5,1],"11":[6,6],"12":[1,1],"13":[105,455]},"_coverageSchema":"1a1c01bbd47fc00a2c39e90264f33305004495a9","hash":"f0d5de3dad33a08f34d1212afaaca4bbca8b80fd"}
,"C:\\Users\\vtliu\\Desktop\\CSE186\\Assignment 8\\backend\\src\\login.js": {"path":"C:\\Users\\vtliu\\Desktop\\CSE186\\Assignment 8\\backend\\src\\login.js","statementMap":{"0":{"start":{"line":2,"column":15},"end":{"line":2,"column":28}},"1":{"start":{"line":4,"column":13},"end":{"line":10,"column":2}},"2":{"start":{"line":12,"column":12},"end":{"line":12,"column":35}},"3":{"start":{"line":13,"column":15},"end":{"line":13,"column":32}},"4":{"start":{"line":14,"column":16},"end":{"line":14,"column":41}},"5":{"start":{"line":16,"column":0},"end":{"line":43,"column":2}},"6":{"start":{"line":17,"column":17},"end":{"line":17,"column":41}},"7":{"start":{"line":18,"column":16},"end":{"line":18,"column":30}},"8":{"start":{"line":19,"column":17},"end":{"line":19,"column":40}},"9":{"start":{"line":21,"column":2},"end":{"line":40,"column":3}},"10":{"start":{"line":21,"column":15},"end":{"line":21,"column":16}},"11":{"start":{"line":22,"column":14},"end":{"line":22,"column":73}},"12":{"start":{"line":26,"column":4},"end":{"line":39,"column":5}},"13":{"start":{"line":28,"column":26},"end":{"line":33,"column":10}},"14":{"start":{"line":34,"column":6},"end":{"line":38,"column":9}},"15":{"start":{"line":42,"column":2},"end":{"line":42,"column":32}},"16":{"start":{"line":45,"column":0},"end":{"line":60,"column":2}},"17":{"start":{"line":46,"column":21},"end":{"line":46,"column":46}},"18":{"start":{"line":48,"column":16},"end":{"line":48,"column":40}},"19":{"start":{"line":49,"column":2},"end":{"line":56,"column":5}},"20":{"start":{"line":50,"column":4},"end":{"line":53,"column":5}},"21":{"start":{"line":52,"column":6},"end":{"line":52,"column":33}},"22":{"start":{"line":54,"column":4},"end":{"line":54,"column":20}},"23":{"start":{"line":55,"column":4},"end":{"line":55,"column":11}}},"fnMap":{"0":{"name":"(anonymous_0)","decl":{"start":{"line":16,"column":15},"end":{"line":16,"column":16}},"loc":{"start":{"line":16,"column":35},"end":{"line":43,"column":1}},"line":16},"1":{"name":"(anonymous_1)","decl":{"start":{"line":45,"column":16},"end":{"line":45,"column":17}},"loc":{"start":{"line":45,"column":36},"end":{"line":60,"column":1}},"line":45},"2":{"name":"(anonymous_2)","decl":{"start":{"line":49,"column":41},"end":{"line":49,"column":42}},"loc":{"start":{"line":49,"column":56},"end":{"line":56,"column":3}},"line":49}},"branchMap":{"0":{"loc":{"start":{"line":26,"column":4},"end":{"line":39,"column":5}},"type":"if","locations":[{"start":{"line":26,"column":4},"end":{"line":39,"column":5}},{"start":{},"end":{}}],"line":26},"1":{"loc":{"start":{"line":26,"column":8},"end":{"line":26,"column":47}},"type":"binary-expr","locations":[{"start":{"line":26,"column":8},"end":{"line":26,"column":40}},{"start":{"line":26,"column":45},"end":{"line":26,"column":46}}],"line":26},"2":{"loc":{"start":{"line":50,"column":4},"end":{"line":53,"column":5}},"type":"if","locations":[{"start":{"line":50,"column":4},"end":{"line":53,"column":5}},{"start":{},"end":{}}],"line":50}},"s":{"0":6,"1":6,"2":6,"3":6,"4":6,"5":6,"6":12,"7":12,"8":12,"9":12,"10":12,"11":19,"12":19,"13":9,"14":9,"15":3,"16":6,"17":19,"18":19,"19":19,"20":19,"21":2,"22":17,"23":17},"f":{"0":12,"1":19,"2":19},"b":{"0":[9,10],"1":[19,10],"2":[2,17]},"_coverageSchema":"1a1c01bbd47fc00a2c39e90264f33305004495a9","hash":"cd82d8efcbafb0e6746aa461dd224e194a87ff88"}
,"C:\\Users\\vtliu\\Desktop\\CSE186\\Assignment 8\\backend\\src\\moveEmail.js": {"path":"C:\\Users\\vtliu\\Desktop\\CSE186\\Assignment 8\\backend\\src\\moveEmail.js","statementMap":{"0":{"start":{"line":1,"column":15},"end":{"line":1,"column":28}},"1":{"start":{"line":3,"column":13},"end":{"line":9,"column":2}},"2":{"start":{"line":11,"column":0},"end":{"line":83,"column":2}},"3":{"start":{"line":13,"column":16},"end":{"line":16,"column":3}},"4":{"start":{"line":17,"column":20},"end":{"line":17,"column":22}},"5":{"start":{"line":18,"column":18},"end":{"line":18,"column":41}},"6":{"start":{"line":19,"column":2},"end":{"line":21,"column":3}},"7":{"start":{"line":19,"column":15},"end":{"line":19,"column":16}},"8":{"start":{"line":20,"column":4},"end":{"line":20,"column":65}},"9":{"start":{"line":23,"column":2},"end":{"line":28,"column":3}},"10":{"start":{"line":23,"column":15},"end":{"line":23,"column":16}},"11":{"start":{"line":24,"column":4},"end":{"line":27,"column":5}},"12":{"start":{"line":25,"column":6},"end":{"line":25,"column":49}},"13":{"start":{"line":30,"column":17},"end":{"line":32,"column":3}},"14":{"start":{"line":33,"column":17},"end":{"line":33,"column":41}},"15":{"start":{"line":35,"column":2},"end":{"line":81,"column":3}},"16":{"start":{"line":36,"column":4},"end":{"line":80,"column":5}},"17":{"start":{"line":37,"column":6},"end":{"line":43,"column":7}},"18":{"start":{"line":37,"column":19},"end":{"line":37,"column":20}},"19":{"start":{"line":38,"column":8},"end":{"line":42,"column":9}},"20":{"start":{"line":41,"column":10},"end":{"line":41,"column":23}},"21":{"start":{"line":44,"column":6},"end":{"line":52,"column":8}},"22":{"start":{"line":54,"column":6},"end":{"line":79,"column":7}},"23":{"start":{"line":56,"column":33},"end":{"line":59,"column":22}},"24":{"start":{"line":60,"column":8},"end":{"line":62,"column":40}},"25":{"start":{"line":63,"column":8},"end":{"line":67,"column":10}},"26":{"start":{"line":68,"column":8},"end":{"line":68,"column":61}},"27":{"start":{"line":69,"column":8},"end":{"line":69,"column":22}},"28":{"start":{"line":71,"column":8},"end":{"line":75,"column":10}},"29":{"start":{"line":76,"column":8},"end":{"line":76,"column":64}},"30":{"start":{"line":78,"column":8},"end":{"line":78,"column":22}},"31":{"start":{"line":82,"column":2},"end":{"line":82,"column":15}}},"fnMap":{"0":{"name":"(anonymous_0)","decl":{"start":{"line":11,"column":14},"end":{"line":11,"column":15}},"loc":{"start":{"line":11,"column":59},"end":{"line":83,"column":1}},"line":11}},"branchMap":{"0":{"loc":{"start":{"line":24,"column":4},"end":{"line":27,"column":5}},"type":"if","locations":[{"start":{"line":24,"column":4},"end":{"line":27,"column":5}},{"start":{},"end":{}}],"line":24},"1":{"loc":{"start":{"line":36,"column":4},"end":{"line":80,"column":5}},"type":"if","locations":[{"start":{"line":36,"column":4},"end":{"line":80,"column":5}},{"start":{},"end":{}}],"line":36},"2":{"loc":{"start":{"line":38,"column":8},"end":{"line":42,"column":9}},"type":"if","locations":[{"start":{"line":38,"column":8},"end":{"line":42,"column":9}},{"start":{},"end":{}}],"line":38},"3":{"loc":{"start":{"line":39,"column":10},"end":{"line":40,"column":36}},"type":"binary-expr","locations":[{"start":{"line":39,"column":11},"end":{"line":39,"column":46}},{"start":{"line":40,"column":11},"end":{"line":40,"column":35}}],"line":39},"4":{"loc":{"start":{"line":54,"column":6},"end":{"line":79,"column":7}},"type":"if","locations":[{"start":{"line":54,"column":6},"end":{"line":79,"column":7}},{"start":{"line":70,"column":13},"end":{"line":79,"column":7}}],"line":54}},"s":{"0":6,"1":6,"2":6,"3":5,"4":5,"5":5,"6":5,"7":5,"8":18,"9":5,"10":5,"11":18,"12":3,"13":5,"14":5,"15":5,"16":155,"17":4,"18":4,"19":11,"20":1,"21":3,"22":3,"23":2,"24":2,"25":2,"26":2,"27":2,"28":1,"29":1,"30":1,"31":1},"f":{"0":5},"b":{"0":[3,15],"1":[4,151],"2":[1,10],"3":[11,7],"4":[2,1]},"_coverageSchema":"1a1c01bbd47fc00a2c39e90264f33305004495a9","hash":"11623efc71f0a8192d1d69a34992400d434a2ac7"}
,"C:\\Users\\vtliu\\Desktop\\CSE186\\Assignment 8\\backend\\src\\root.js": {"path":"C:\\Users\\vtliu\\Desktop\\CSE186\\Assignment 8\\backend\\src\\root.js","statementMap":{"0":{"start":{"line":1,"column":21},"end":{"line":1,"column":46}},"1":{"start":{"line":2,"column":19},"end":{"line":2,"column":44}},"2":{"start":{"line":3,"column":17},"end":{"line":3,"column":42}},"3":{"start":{"line":4,"column":16},"end":{"line":4,"column":38}},"4":{"start":{"line":6,"column":0},"end":{"line":13,"column":2}},"5":{"start":{"line":7,"column":15},"end":{"line":8,"column":62}},"6":{"start":{"line":9,"column":2},"end":{"line":11,"column":3}},"7":{"start":{"line":10,"column":4},"end":{"line":10,"column":34}},"8":{"start":{"line":12,"column":2},"end":{"line":12,"column":36}},"9":{"start":{"line":15,"column":0},"end":{"line":22,"column":2}},"10":{"start":{"line":16,"column":17},"end":{"line":16,"column":56}},"11":{"start":{"line":18,"column":2},"end":{"line":20,"column":3}},"12":{"start":{"line":19,"column":4},"end":{"line":19,"column":40}},"13":{"start":{"line":21,"column":2},"end":{"line":21,"column":32}},"14":{"start":{"line":24,"column":0},"end":{"line":27,"column":2}},"15":{"start":{"line":25,"column":2},"end":{"line":25,"column":41}},"16":{"start":{"line":26,"column":2},"end":{"line":26,"column":38}},"17":{"start":{"line":29,"column":0},"end":{"line":39,"column":2}},"18":{"start":{"line":30,"column":2},"end":{"line":30,"column":73}},"19":{"start":{"line":32,"column":2},"end":{"line":34,"column":3}},"20":{"start":{"line":33,"column":4},"end":{"line":33,"column":34}},"21":{"start":{"line":35,"column":2},"end":{"line":37,"column":3}},"22":{"start":{"line":36,"column":4},"end":{"line":36,"column":34}},"23":{"start":{"line":38,"column":2},"end":{"line":38,"column":38}}},"fnMap":{"0":{"name":"(anonymous_0)","decl":{"start":{"line":6,"column":17},"end":{"line":6,"column":18}},"loc":{"start":{"line":6,"column":37},"end":{"line":13,"column":1}},"line":6},"1":{"name":"(anonymous_1)","decl":{"start":{"line":15,"column":18},"end":{"line":15,"column":19}},"loc":{"start":{"line":15,"column":38},"end":{"line":22,"column":1}},"line":15},"2":{"name":"(anonymous_2)","decl":{"start":{"line":24,"column":15},"end":{"line":24,"column":16}},"loc":{"start":{"line":24,"column":35},"end":{"line":27,"column":1}},"line":24},"3":{"name":"(anonymous_3)","decl":{"start":{"line":29,"column":19},"end":{"line":29,"column":20}},"loc":{"start":{"line":29,"column":39},"end":{"line":39,"column":1}},"line":29}},"branchMap":{"0":{"loc":{"start":{"line":9,"column":2},"end":{"line":11,"column":3}},"type":"if","locations":[{"start":{"line":9,"column":2},"end":{"line":11,"column":3}},{"start":{},"end":{}}],"line":9},"1":{"loc":{"start":{"line":18,"column":2},"end":{"line":20,"column":3}},"type":"if","locations":[{"start":{"line":18,"column":2},"end":{"line":20,"column":3}},{"start":{},"end":{}}],"line":18},"2":{"loc":{"start":{"line":32,"column":2},"end":{"line":34,"column":3}},"type":"if","locations":[{"start":{"line":32,"column":2},"end":{"line":34,"column":3}},{"start":{},"end":{}}],"line":32},"3":{"loc":{"start":{"line":35,"column":2},"end":{"line":37,"column":3}},"type":"if","locations":[{"start":{"line":35,"column":2},"end":{"line":37,"column":3}},{"start":{},"end":{}}],"line":35}},"s":{"0":6,"1":6,"2":6,"3":6,"4":6,"5":7,"6":7,"7":2,"8":5,"9":6,"10":2,"11":2,"12":1,"13":1,"14":6,"15":3,"16":3,"17":6,"18":5,"19":5,"20":1,"21":4,"22":1,"23":3},"f":{"0":7,"1":2,"2":3,"3":5},"b":{"0":[2,5],"1":[1,1],"2":[1,4],"3":[1,3]},"_coverageSchema":"1a1c01bbd47fc00a2c39e90264f33305004495a9","hash":"d0279b88de25cbe7d99f68287bfbbbdbad130308"}
,"C:\\Users\\vtliu\\Desktop\\CSE186\\Assignment 8\\backend\\src\\__tests__\\db.js": {"path":"C:\\Users\\vtliu\\Desktop\\CSE186\\Assignment 8\\backend\\src\\__tests__\\db.js","statementMap":{"0":{"start":{"line":5,"column":11},"end":{"line":5,"column":24}},"1":{"start":{"line":6,"column":15},"end":{"line":6,"column":28}},"2":{"start":{"line":8,"column":0},"end":{"line":8,"column":27}},"3":{"start":{"line":9,"column":0},"end":{"line":9,"column":31}},"4":{"start":{"line":11,"column":13},"end":{"line":17,"column":2}},"5":{"start":{"line":19,"column":12},"end":{"line":25,"column":1}},"6":{"start":{"line":20,"column":18},"end":{"line":20,"column":47}},"7":{"start":{"line":21,"column":21},"end":{"line":21,"column":43}},"8":{"start":{"line":22,"column":2},"end":{"line":24,"column":3}},"9":{"start":{"line":23,"column":4},"end":{"line":23,"column":32}},"10":{"start":{"line":27,"column":0},"end":{"line":31,"column":2}},"11":{"start":{"line":28,"column":2},"end":{"line":28,"column":30}},"12":{"start":{"line":29,"column":2},"end":{"line":29,"column":28}},"13":{"start":{"line":30,"column":2},"end":{"line":30,"column":31}},"14":{"start":{"line":33,"column":0},"end":{"line":37,"column":2}},"15":{"start":{"line":34,"column":2},"end":{"line":36,"column":5}}},"fnMap":{"0":{"name":"(anonymous_0)","decl":{"start":{"line":19,"column":12},"end":{"line":19,"column":13}},"loc":{"start":{"line":19,"column":28},"end":{"line":25,"column":1}},"line":19},"1":{"name":"(anonymous_1)","decl":{"start":{"line":27,"column":16},"end":{"line":27,"column":17}},"loc":{"start":{"line":27,"column":28},"end":{"line":31,"column":1}},"line":27},"2":{"name":"(anonymous_2)","decl":{"start":{"line":33,"column":19},"end":{"line":33,"column":20}},"loc":{"start":{"line":33,"column":25},"end":{"line":37,"column":1}},"line":33},"3":{"name":"(anonymous_3)","decl":{"start":{"line":34,"column":11},"end":{"line":34,"column":12}},"loc":{"start":{"line":34,"column":17},"end":{"line":36,"column":3}},"line":34}},"branchMap":{},"s":{"0":6,"1":6,"2":6,"3":6,"4":6,"5":6,"6":18,"7":18,"8":18,"9":528,"10":6,"11":6,"12":6,"13":6,"14":6,"15":6},"f":{"0":18,"1":6,"2":6,"3":6},"b":{},"_coverageSchema":"1a1c01bbd47fc00a2c39e90264f33305004495a9","hash":"a340873957a5907057b0fd190f7b51e8b72ba133"}
}
