TN:
SF:src\ByIdFunction.js
FN:11,(anonymous_0)
FNF:1
FNH:1
FNDA:2,(anonymous_0)
DA:1,6
DA:3,6
DA:11,6
DA:13,2
DA:14,2
DA:17,2
DA:19,2
DA:20,62
DA:23,1
DA:34,2
DA:35,1
DA:37,1
LF:12
LH:12
BRDA:20,0,0,1
BRDA:20,0,1,61
BRDA:34,1,0,1
BRDA:34,1,1,1
BRF:4
BRH:4
end_of_record
TN:
SF:src\app.js
FN:44,(anonymous_0)
FNF:1
FNH:1
FNDA:10,(anonymous_0)
DA:1,6
DA:2,6
DA:3,6
DA:4,6
DA:5,6
DA:6,6
DA:7,6
DA:10,6
DA:11,6
DA:12,6
DA:13,6
DA:15,6
DA:16,6
DA:18,6
DA:24,6
DA:32,6
DA:33,6
DA:34,6
DA:36,6
DA:38,6
DA:39,6
DA:40,6
DA:41,6
DA:42,6
DA:44,6
DA:45,10
DA:52,6
LF:27
LH:27
BRF:0
BRH:0
end_of_record
TN:
SF:src\composeEmail.js
FN:10,(anonymous_0)
FNF:1
FNH:1
FNDA:3,(anonymous_0)
DA:1,6
DA:2,6
DA:10,6
DA:11,3
DA:12,3
DA:13,3
DA:14,3
DA:22,3
DA:23,3
DA:27,3
DA:28,3
DA:29,9
DA:32,3
DA:34,9
DA:35,3
DA:39,3
DA:43,3
DA:47,3
DA:56,3
LF:19
LH:19
BRDA:34,0,0,3
BRDA:34,0,1,6
BRF:2
BRH:2
end_of_record
TN:
SF:src\dummy.js
FN:11,(anonymous_0)
FN:21,(anonymous_1)
FNF:2
FNH:2
FNDA:1,(anonymous_0)
FNDA:1,(anonymous_1)
DA:1,6
DA:3,6
DA:11,6
DA:12,1
DA:13,1
DA:17,1
DA:18,1
DA:21,6
DA:22,1
LF:9
LH:9
BRF:0
BRH:0
end_of_record
TN:
SF:src\getByMailbox.js
FN:11,(anonymous_0)
FN:114,(anonymous_1)
FN:127,(anonymous_2)
FNF:3
FNH:3
FNDA:7,(anonymous_0)
FNDA:2,(anonymous_1)
FNDA:211,(anonymous_2)
DA:1,6
DA:3,6
DA:11,6
DA:14,7
DA:15,2
DA:16,2
DA:17,2
DA:20,7
DA:21,7
DA:23,7
DA:27,7
DA:28,7
DA:29,23
DA:30,23
DA:33,7
DA:36,7
DA:38,7
DA:39,5
DA:40,151
DA:41,151
DA:42,76
DA:44,75
DA:57,2
DA:58,60
DA:59,60
DA:60,30
DA:61,30
DA:65,1
DA:74,29
DA:79,1
DA:93,7
DA:94,7
DA:95,1
DA:97,1
DA:99,6
DA:100,1
DA:102,5
DA:108,6
DA:109,5
DA:114,6
DA:116,2
DA:117,2
DA:118,2
DA:119,1
DA:120,1
DA:122,1
DA:124,2
DA:127,6
DA:128,211
DA:129,560
DA:130,560
DA:132,105
LF:52
LH:52
BRDA:14,0,0,2
BRDA:14,0,1,5
BRDA:38,1,0,5
BRDA:38,1,1,2
BRDA:41,2,0,76
BRDA:41,2,1,75
BRDA:59,3,0,30
BRDA:59,3,1,30
BRDA:61,4,0,1
BRDA:61,4,1,29
BRDA:62,5,0,30
BRDA:62,5,1,15
BRDA:62,5,2,15
BRDA:74,6,0,1
BRDA:74,6,1,28
BRDA:74,7,0,29
BRDA:74,7,1,15
BRDA:74,7,2,14
BRDA:74,7,3,28
BRDA:74,7,4,28
BRDA:94,8,0,1
BRDA:94,8,1,6
BRDA:99,9,0,1
BRDA:99,9,1,5
BRDA:108,10,0,5
BRDA:108,10,1,1
BRDA:108,11,0,6
BRDA:108,11,1,6
BRDA:118,12,0,1
BRDA:118,12,1,1
BRDA:130,13,0,105
BRDA:130,13,1,455
BRF:32
BRH:32
end_of_record
TN:
SF:src\login.js
FN:16,(anonymous_0)
FN:45,(anonymous_1)
FN:49,(anonymous_2)
FNF:3
FNH:3
FNDA:12,(anonymous_0)
FNDA:19,(anonymous_1)
FNDA:19,(anonymous_2)
DA:2,6
DA:4,6
DA:12,6
DA:13,6
DA:14,6
DA:16,6
DA:17,12
DA:18,12
DA:19,12
DA:21,12
DA:22,19
DA:26,19
DA:28,9
DA:34,9
DA:42,3
DA:45,6
DA:46,19
DA:48,19
DA:49,19
DA:50,19
DA:52,2
DA:54,17
DA:55,17
LF:23
LH:23
BRDA:26,0,0,9
BRDA:26,0,1,10
BRDA:26,1,0,19
BRDA:26,1,1,10
BRDA:50,2,0,2
BRDA:50,2,1,17
BRF:6
BRH:6
end_of_record
TN:
SF:src\moveEmail.js
FN:11,(anonymous_0)
FNF:1
FNH:1
FNDA:5,(anonymous_0)
DA:1,6
DA:3,6
DA:11,6
DA:13,5
DA:17,5
DA:18,5
DA:19,5
DA:20,18
DA:23,5
DA:24,18
DA:25,3
DA:30,5
DA:33,5
DA:35,5
DA:36,155
DA:37,4
DA:38,11
DA:41,1
DA:44,3
DA:54,3
DA:56,2
DA:60,2
DA:63,2
DA:68,2
DA:69,2
DA:71,1
DA:76,1
DA:78,1
DA:82,1
LF:29
LH:29
BRDA:24,0,0,3
BRDA:24,0,1,15
BRDA:36,1,0,4
BRDA:36,1,1,151
BRDA:38,2,0,1
BRDA:38,2,1,10
BRDA:39,3,0,11
BRDA:39,3,1,7
BRDA:54,4,0,2
BRDA:54,4,1,1
BRF:10
BRH:10
end_of_record
TN:
SF:src\root.js
FN:6,(anonymous_0)
FN:15,(anonymous_1)
FN:24,(anonymous_2)
FN:29,(anonymous_3)
FNF:4
FNH:4
FNDA:7,(anonymous_0)
FNDA:2,(anonymous_1)
FNDA:3,(anonymous_2)
FNDA:5,(anonymous_3)
DA:1,6
DA:2,6
DA:3,6
DA:4,6
DA:6,6
DA:7,7
DA:9,7
DA:10,2
DA:12,5
DA:15,6
DA:16,2
DA:18,2
DA:19,1
DA:21,1
DA:24,6
DA:25,3
DA:26,3
DA:29,6
DA:30,5
DA:32,5
DA:33,1
DA:35,4
DA:36,1
DA:38,3
LF:24
LH:24
BRDA:9,0,0,2
BRDA:9,0,1,5
BRDA:18,1,0,1
BRDA:18,1,1,1
BRDA:32,2,0,1
BRDA:32,2,1,4
BRDA:35,3,0,1
BRDA:35,3,1,3
BRF:8
BRH:8
end_of_record
TN:
SF:src\__tests__\db.js
FN:19,(anonymous_0)
FN:27,(anonymous_1)
FN:33,(anonymous_2)
FN:34,(anonymous_3)
FNF:4
FNH:4
FNDA:18,(anonymous_0)
FNDA:6,(anonymous_1)
FNDA:6,(anonymous_2)
FNDA:6,(anonymous_3)
DA:5,6
DA:6,6
DA:8,6
DA:9,6
DA:11,6
DA:19,6
DA:20,18
DA:21,18
DA:22,18
DA:23,528
DA:27,6
DA:28,6
DA:29,6
DA:30,6
DA:33,6
DA:34,6
LF:16
LH:16
BRF:0
BRH:0
end_of_record
