{"C:\\Users\\vtliu\\Desktop\\CSE186\\Assignment 4\\src\\App.jsx": {"path":"C:\\Users\\vtliu\\Desktop\\CSE186\\Assignment 4\\src\\App.jsx","all":false,"statementMap":{"0":{"start":{"line":1,"column":0},"end":{"line":1,"column":26}},"1":{"start":{"line":2,"column":0},"end":{"line":2,"column":30}},"2":{"start":{"line":3,"column":0},"end":{"line":3,"column":19}},"3":{"start":{"line":4,"column":0},"end":{"line":4,"column":0}},"4":{"start":{"line":5,"column":0},"end":{"line":5,"column":3}},"5":{"start":{"line":6,"column":0},"end":{"line":6,"column":34}},"6":{"start":{"line":7,"column":0},"end":{"line":7,"column":2}},"7":{"start":{"line":8,"column":0},"end":{"line":8,"column":64}},"8":{"start":{"line":9,"column":0},"end":{"line":9,"column":32}},"9":{"start":{"line":10,"column":0},"end":{"line":10,"column":3}},"10":{"start":{"line":11,"column":0},"end":{"line":11,"column":35}},"11":{"start":{"line":12,"column":0},"end":{"line":12,"column":31}},"12":{"start":{"line":13,"column":0},"end":{"line":13,"column":18}},"13":{"start":{"line":14,"column":0},"end":{"line":14,"column":0}},"14":{"start":{"line":15,"column":0},"end":{"line":15,"column":10}},"15":{"start":{"line":16,"column":0},"end":{"line":16,"column":27}},"16":{"start":{"line":17,"column":0},"end":{"line":17,"column":3}},"17":{"start":{"line":18,"column":0},"end":{"line":18,"column":0}},"18":{"start":{"line":19,"column":0},"end":{"line":19,"column":5}},"19":{"start":{"line":20,"column":0},"end":{"line":20,"column":48}},"20":{"start":{"line":21,"column":0},"end":{"line":21,"column":5}},"21":{"start":{"line":22,"column":0},"end":{"line":22,"column":12}},"22":{"start":{"line":23,"column":0},"end":{"line":23,"column":12}},"23":{"start":{"line":24,"column":0},"end":{"line":24,"column":22}},"24":{"start":{"line":25,"column":0},"end":{"line":25,"column":36}},"25":{"start":{"line":26,"column":0},"end":{"line":26,"column":39}},"26":{"start":{"line":27,"column":0},"end":{"line":27,"column":33}},"27":{"start":{"line":28,"column":0},"end":{"line":28,"column":37}},"28":{"start":{"line":29,"column":0},"end":{"line":29,"column":22}},"29":{"start":{"line":30,"column":0},"end":{"line":30,"column":37}},"30":{"start":{"line":31,"column":0},"end":{"line":31,"column":108}},"31":{"start":{"line":32,"column":0},"end":{"line":32,"column":18}},"32":{"start":{"line":33,"column":0},"end":{"line":33,"column":0}},"33":{"start":{"line":34,"column":0},"end":{"line":34,"column":18}},"34":{"start":{"line":35,"column":0},"end":{"line":35,"column":21}},"35":{"start":{"line":36,"column":0},"end":{"line":36,"column":32}},"36":{"start":{"line":37,"column":0},"end":{"line":37,"column":36}},"37":{"start":{"line":38,"column":0},"end":{"line":38,"column":99}},"38":{"start":{"line":39,"column":0},"end":{"line":39,"column":19}},"39":{"start":{"line":40,"column":0},"end":{"line":40,"column":19}},"40":{"start":{"line":41,"column":0},"end":{"line":41,"column":14}},"41":{"start":{"line":42,"column":0},"end":{"line":42,"column":12}},"42":{"start":{"line":43,"column":0},"end":{"line":43,"column":6}},"43":{"start":{"line":44,"column":0},"end":{"line":44,"column":3}},"44":{"start":{"line":45,"column":0},"end":{"line":45,"column":1}},"45":{"start":{"line":46,"column":0},"end":{"line":46,"column":0}},"46":{"start":{"line":47,"column":0},"end":{"line":47,"column":19}}},"s":{"0":1,"1":1,"2":1,"3":1,"4":1,"5":1,"6":1,"7":1,"8":1,"9":1,"10":7,"11":7,"12":7,"13":7,"14":7,"15":10,"16":10,"17":7,"18":7,"19":7,"20":7,"21":7,"22":10,"23":10,"24":10,"25":10,"26":10,"27":10,"28":10,"29":10,"30":10,"31":10,"32":10,"33":10,"34":10,"35":10,"36":10,"37":10,"38":10,"39":10,"40":10,"41":10,"42":10,"43":10,"44":7,"45":1,"46":1},"branchMap":{"0":{"type":"branch","line":11,"loc":{"start":{"line":11,"column":0},"end":{"line":45,"column":1}},"locations":[{"start":{"line":11,"column":0},"end":{"line":45,"column":1}}]},"1":{"type":"branch","line":15,"loc":{"start":{"line":15,"column":2},"end":{"line":17,"column":3}},"locations":[{"start":{"line":15,"column":2},"end":{"line":17,"column":3}}]},"2":{"type":"branch","line":22,"loc":{"start":{"line":22,"column":2},"end":{"line":44,"column":3}},"locations":[{"start":{"line":22,"column":2},"end":{"line":44,"column":3}}]},"3":{"type":"branch","line":31,"loc":{"start":{"line":31,"column":22},"end":{"line":31,"column":106}},"locations":[{"start":{"line":31,"column":22},"end":{"line":31,"column":106}}]},"4":{"type":"branch","line":38,"loc":{"start":{"line":38,"column":21},"end":{"line":38,"column":99}},"locations":[{"start":{"line":38,"column":21},"end":{"line":38,"column":99}}]}},"b":{"0":[7],"1":[10],"2":[10],"3":[3],"4":[2]},"fnMap":{"0":{"name":"<instance_members_initializer>","decl":{"start":{"line":11,"column":0},"end":{"line":45,"column":1}},"loc":{"start":{"line":11,"column":0},"end":{"line":45,"column":1}},"line":11},"1":{"name":"check","decl":{"start":{"line":15,"column":2},"end":{"line":17,"column":3}},"loc":{"start":{"line":15,"column":2},"end":{"line":17,"column":3}},"line":15},"2":{"name":"render","decl":{"start":{"line":22,"column":2},"end":{"line":44,"column":3}},"loc":{"start":{"line":22,"column":2},"end":{"line":44,"column":3}},"line":22},"3":{"name":"onChange","decl":{"start":{"line":31,"column":22},"end":{"line":31,"column":106}},"loc":{"start":{"line":31,"column":22},"end":{"line":31,"column":106}},"line":31},"4":{"name":"onClick","decl":{"start":{"line":38,"column":21},"end":{"line":38,"column":99}},"loc":{"start":{"line":38,"column":21},"end":{"line":38,"column":99}},"line":38}},"f":{"0":7,"1":10,"2":10,"3":3,"4":2}}
,"C:\\Users\\vtliu\\Desktop\\CSE186\\Assignment 4\\src\\Picker.jsx": {"path":"C:\\Users\\vtliu\\Desktop\\CSE186\\Assignment 4\\src\\Picker.jsx","all":false,"statementMap":{"0":{"start":{"line":1,"column":0},"end":{"line":1,"column":26}},"1":{"start":{"line":2,"column":0},"end":{"line":2,"column":22}},"2":{"start":{"line":3,"column":0},"end":{"line":3,"column":0}},"3":{"start":{"line":4,"column":0},"end":{"line":4,"column":3}},"4":{"start":{"line":5,"column":0},"end":{"line":5,"column":20}},"5":{"start":{"line":6,"column":0},"end":{"line":6,"column":3}},"6":{"start":{"line":7,"column":0},"end":{"line":7,"column":38}},"7":{"start":{"line":8,"column":0},"end":{"line":8,"column":52}},"8":{"start":{"line":9,"column":0},"end":{"line":9,"column":29}},"9":{"start":{"line":10,"column":0},"end":{"line":10,"column":101}},"10":{"start":{"line":11,"column":0},"end":{"line":11,"column":45}},"11":{"start":{"line":12,"column":0},"end":{"line":12,"column":0}},"12":{"start":{"line":13,"column":0},"end":{"line":13,"column":11}},"13":{"start":{"line":14,"column":0},"end":{"line":14,"column":32}},"14":{"start":{"line":15,"column":0},"end":{"line":15,"column":41}},"15":{"start":{"line":16,"column":0},"end":{"line":16,"column":43}},"16":{"start":{"line":17,"column":0},"end":{"line":17,"column":45}},"17":{"start":{"line":18,"column":0},"end":{"line":18,"column":28}},"18":{"start":{"line":19,"column":0},"end":{"line":19,"column":3}},"19":{"start":{"line":20,"column":0},"end":{"line":20,"column":0}},"20":{"start":{"line":21,"column":0},"end":{"line":21,"column":90}},"21":{"start":{"line":22,"column":0},"end":{"line":22,"column":20}},"22":{"start":{"line":23,"column":0},"end":{"line":23,"column":3}},"23":{"start":{"line":24,"column":0},"end":{"line":24,"column":0}},"24":{"start":{"line":25,"column":0},"end":{"line":25,"column":88}},"25":{"start":{"line":26,"column":0},"end":{"line":26,"column":14}},"26":{"start":{"line":27,"column":0},"end":{"line":27,"column":55}},"27":{"start":{"line":28,"column":0},"end":{"line":28,"column":53}},"28":{"start":{"line":29,"column":0},"end":{"line":29,"column":34}},"29":{"start":{"line":30,"column":0},"end":{"line":30,"column":34}},"30":{"start":{"line":31,"column":0},"end":{"line":31,"column":70}},"31":{"start":{"line":32,"column":0},"end":{"line":32,"column":81}},"32":{"start":{"line":33,"column":0},"end":{"line":33,"column":80}},"33":{"start":{"line":34,"column":0},"end":{"line":34,"column":48}},"34":{"start":{"line":35,"column":0},"end":{"line":35,"column":5}},"35":{"start":{"line":36,"column":0},"end":{"line":36,"column":110}},"36":{"start":{"line":37,"column":0},"end":{"line":37,"column":82}},"37":{"start":{"line":38,"column":0},"end":{"line":38,"column":5}},"38":{"start":{"line":39,"column":0},"end":{"line":39,"column":55}},"39":{"start":{"line":40,"column":0},"end":{"line":40,"column":127}},"40":{"start":{"line":41,"column":0},"end":{"line":41,"column":48}},"41":{"start":{"line":42,"column":0},"end":{"line":42,"column":5}},"42":{"start":{"line":43,"column":0},"end":{"line":43,"column":19}},"43":{"start":{"line":44,"column":0},"end":{"line":44,"column":24}},"44":{"start":{"line":45,"column":0},"end":{"line":45,"column":7}},"45":{"start":{"line":46,"column":0},"end":{"line":46,"column":3}},"46":{"start":{"line":47,"column":0},"end":{"line":47,"column":0}},"47":{"start":{"line":48,"column":0},"end":{"line":48,"column":60}},"48":{"start":{"line":49,"column":0},"end":{"line":49,"column":39}},"49":{"start":{"line":50,"column":0},"end":{"line":50,"column":98}},"50":{"start":{"line":51,"column":0},"end":{"line":51,"column":70}},"51":{"start":{"line":52,"column":0},"end":{"line":52,"column":3}},"52":{"start":{"line":53,"column":0},"end":{"line":53,"column":0}},"53":{"start":{"line":54,"column":0},"end":{"line":54,"column":61}},"54":{"start":{"line":55,"column":0},"end":{"line":55,"column":39}},"55":{"start":{"line":56,"column":0},"end":{"line":56,"column":94}},"56":{"start":{"line":57,"column":0},"end":{"line":57,"column":66}},"57":{"start":{"line":58,"column":0},"end":{"line":58,"column":3}},"58":{"start":{"line":59,"column":0},"end":{"line":59,"column":0}},"59":{"start":{"line":60,"column":0},"end":{"line":60,"column":58}},"60":{"start":{"line":61,"column":0},"end":{"line":61,"column":32}},"61":{"start":{"line":62,"column":0},"end":{"line":62,"column":19}},"62":{"start":{"line":63,"column":0},"end":{"line":63,"column":30}},"63":{"start":{"line":64,"column":0},"end":{"line":64,"column":39}},"64":{"start":{"line":65,"column":0},"end":{"line":65,"column":41}},"65":{"start":{"line":66,"column":0},"end":{"line":66,"column":44}},"66":{"start":{"line":67,"column":0},"end":{"line":67,"column":21}},"67":{"start":{"line":68,"column":0},"end":{"line":68,"column":3}},"68":{"start":{"line":69,"column":0},"end":{"line":69,"column":0}},"69":{"start":{"line":70,"column":0},"end":{"line":70,"column":87}},"70":{"start":{"line":71,"column":0},"end":{"line":71,"column":17}},"71":{"start":{"line":72,"column":0},"end":{"line":72,"column":19}},"72":{"start":{"line":73,"column":0},"end":{"line":73,"column":67}},"73":{"start":{"line":74,"column":0},"end":{"line":74,"column":35}},"74":{"start":{"line":75,"column":0},"end":{"line":75,"column":37}},"75":{"start":{"line":76,"column":0},"end":{"line":76,"column":56}},"76":{"start":{"line":77,"column":0},"end":{"line":77,"column":16}},"77":{"start":{"line":78,"column":0},"end":{"line":78,"column":3}},"78":{"start":{"line":79,"column":0},"end":{"line":79,"column":0}},"79":{"start":{"line":80,"column":0},"end":{"line":80,"column":5}},"80":{"start":{"line":81,"column":0},"end":{"line":81,"column":52}},"81":{"start":{"line":82,"column":0},"end":{"line":82,"column":5}},"82":{"start":{"line":83,"column":0},"end":{"line":83,"column":22}},"83":{"start":{"line":84,"column":0},"end":{"line":84,"column":37}},"84":{"start":{"line":85,"column":0},"end":{"line":85,"column":90}},"85":{"start":{"line":86,"column":0},"end":{"line":86,"column":33}},"86":{"start":{"line":87,"column":0},"end":{"line":87,"column":85}},"87":{"start":{"line":88,"column":0},"end":{"line":88,"column":85}},"88":{"start":{"line":89,"column":0},"end":{"line":89,"column":99}},"89":{"start":{"line":90,"column":0},"end":{"line":90,"column":47}},"90":{"start":{"line":91,"column":0},"end":{"line":91,"column":59}},"91":{"start":{"line":92,"column":0},"end":{"line":92,"column":11}},"92":{"start":{"line":93,"column":0},"end":{"line":93,"column":35}},"93":{"start":{"line":94,"column":0},"end":{"line":94,"column":67}},"94":{"start":{"line":95,"column":0},"end":{"line":95,"column":21}},"95":{"start":{"line":96,"column":0},"end":{"line":96,"column":54}},"96":{"start":{"line":97,"column":0},"end":{"line":97,"column":49}},"97":{"start":{"line":98,"column":0},"end":{"line":98,"column":45}},"98":{"start":{"line":99,"column":0},"end":{"line":99,"column":45}},"99":{"start":{"line":100,"column":0},"end":{"line":100,"column":5}},"100":{"start":{"line":101,"column":0},"end":{"line":101,"column":19}},"101":{"start":{"line":102,"column":0},"end":{"line":102,"column":3}},"102":{"start":{"line":103,"column":0},"end":{"line":103,"column":0}},"103":{"start":{"line":104,"column":0},"end":{"line":104,"column":5}},"104":{"start":{"line":105,"column":0},"end":{"line":105,"column":51}},"105":{"start":{"line":106,"column":0},"end":{"line":106,"column":5}},"106":{"start":{"line":107,"column":0},"end":{"line":107,"column":12}},"107":{"start":{"line":108,"column":0},"end":{"line":108,"column":73}},"108":{"start":{"line":109,"column":0},"end":{"line":109,"column":61}},"109":{"start":{"line":110,"column":0},"end":{"line":110,"column":21}},"110":{"start":{"line":111,"column":0},"end":{"line":111,"column":38}},"111":{"start":{"line":112,"column":0},"end":{"line":112,"column":39}},"112":{"start":{"line":113,"column":0},"end":{"line":113,"column":41}},"113":{"start":{"line":114,"column":0},"end":{"line":114,"column":32}},"114":{"start":{"line":115,"column":0},"end":{"line":115,"column":21}},"115":{"start":{"line":116,"column":0},"end":{"line":116,"column":67}},"116":{"start":{"line":117,"column":0},"end":{"line":117,"column":20}},"117":{"start":{"line":118,"column":0},"end":{"line":118,"column":42}},"118":{"start":{"line":119,"column":0},"end":{"line":119,"column":23}},"119":{"start":{"line":120,"column":0},"end":{"line":120,"column":41}},"120":{"start":{"line":121,"column":0},"end":{"line":121,"column":57}},"121":{"start":{"line":122,"column":0},"end":{"line":122,"column":77}},"122":{"start":{"line":123,"column":0},"end":{"line":123,"column":162}},"123":{"start":{"line":124,"column":0},"end":{"line":124,"column":184}},"124":{"start":{"line":125,"column":0},"end":{"line":125,"column":30}},"125":{"start":{"line":126,"column":0},"end":{"line":126,"column":55}},"126":{"start":{"line":127,"column":0},"end":{"line":127,"column":54}},"127":{"start":{"line":128,"column":0},"end":{"line":128,"column":49}},"128":{"start":{"line":129,"column":0},"end":{"line":129,"column":10}},"129":{"start":{"line":130,"column":0},"end":{"line":130,"column":102}},"130":{"start":{"line":131,"column":0},"end":{"line":131,"column":111}},"131":{"start":{"line":132,"column":0},"end":{"line":132,"column":4}},"132":{"start":{"line":133,"column":0},"end":{"line":133,"column":19}},"133":{"start":{"line":134,"column":0},"end":{"line":134,"column":54}},"134":{"start":{"line":135,"column":0},"end":{"line":135,"column":28}},"135":{"start":{"line":136,"column":0},"end":{"line":136,"column":37}},"136":{"start":{"line":137,"column":0},"end":{"line":137,"column":35}},"137":{"start":{"line":138,"column":0},"end":{"line":138,"column":31}},"138":{"start":{"line":139,"column":0},"end":{"line":139,"column":101}},"139":{"start":{"line":140,"column":0},"end":{"line":140,"column":108}},"140":{"start":{"line":141,"column":0},"end":{"line":141,"column":24}},"141":{"start":{"line":142,"column":0},"end":{"line":142,"column":33}},"142":{"start":{"line":143,"column":0},"end":{"line":143,"column":103}},"143":{"start":{"line":144,"column":0},"end":{"line":144,"column":119}},"144":{"start":{"line":145,"column":0},"end":{"line":145,"column":17}},"145":{"start":{"line":146,"column":0},"end":{"line":146,"column":44}},"146":{"start":{"line":147,"column":0},"end":{"line":147,"column":36}},"147":{"start":{"line":148,"column":0},"end":{"line":148,"column":33}},"148":{"start":{"line":149,"column":0},"end":{"line":149,"column":103}},"149":{"start":{"line":150,"column":0},"end":{"line":150,"column":109}},"150":{"start":{"line":151,"column":0},"end":{"line":151,"column":24}},"151":{"start":{"line":152,"column":0},"end":{"line":152,"column":33}},"152":{"start":{"line":153,"column":0},"end":{"line":153,"column":103}},"153":{"start":{"line":154,"column":0},"end":{"line":154,"column":120}},"154":{"start":{"line":155,"column":0},"end":{"line":155,"column":17}},"155":{"start":{"line":156,"column":0},"end":{"line":156,"column":22}},"156":{"start":{"line":157,"column":0},"end":{"line":157,"column":114}},"157":{"start":{"line":158,"column":0},"end":{"line":158,"column":15}},"158":{"start":{"line":159,"column":0},"end":{"line":159,"column":13}},"159":{"start":{"line":160,"column":0},"end":{"line":160,"column":26}},"160":{"start":{"line":161,"column":0},"end":{"line":161,"column":15}},"161":{"start":{"line":162,"column":0},"end":{"line":162,"column":10}},"162":{"start":{"line":163,"column":0},"end":{"line":163,"column":18}},"163":{"start":{"line":164,"column":0},"end":{"line":164,"column":7}},"164":{"start":{"line":165,"column":0},"end":{"line":165,"column":17}},"165":{"start":{"line":166,"column":0},"end":{"line":166,"column":35}},"166":{"start":{"line":167,"column":0},"end":{"line":167,"column":8}},"167":{"start":{"line":168,"column":0},"end":{"line":168,"column":5}},"168":{"start":{"line":169,"column":0},"end":{"line":169,"column":0}},"169":{"start":{"line":170,"column":0},"end":{"line":170,"column":12}},"170":{"start":{"line":171,"column":0},"end":{"line":171,"column":23}},"171":{"start":{"line":172,"column":0},"end":{"line":172,"column":24}},"172":{"start":{"line":173,"column":0},"end":{"line":173,"column":76}},"173":{"start":{"line":174,"column":0},"end":{"line":174,"column":18}},"174":{"start":{"line":175,"column":0},"end":{"line":175,"column":19}},"175":{"start":{"line":176,"column":0},"end":{"line":176,"column":27}},"176":{"start":{"line":177,"column":0},"end":{"line":177,"column":81}},"177":{"start":{"line":178,"column":0},"end":{"line":178,"column":16}},"178":{"start":{"line":179,"column":0},"end":{"line":179,"column":76}},"179":{"start":{"line":180,"column":0},"end":{"line":180,"column":18}},"180":{"start":{"line":181,"column":0},"end":{"line":181,"column":19}},"181":{"start":{"line":182,"column":0},"end":{"line":182,"column":14}},"182":{"start":{"line":183,"column":0},"end":{"line":183,"column":0}},"183":{"start":{"line":184,"column":0},"end":{"line":184,"column":26}},"184":{"start":{"line":185,"column":0},"end":{"line":185,"column":17}},"185":{"start":{"line":186,"column":0},"end":{"line":186,"column":30}},"186":{"start":{"line":187,"column":0},"end":{"line":187,"column":40}},"187":{"start":{"line":188,"column":0},"end":{"line":188,"column":54}},"188":{"start":{"line":189,"column":0},"end":{"line":189,"column":23}},"189":{"start":{"line":190,"column":0},"end":{"line":190,"column":21}},"190":{"start":{"line":191,"column":0},"end":{"line":191,"column":17}},"191":{"start":{"line":192,"column":0},"end":{"line":192,"column":17}},"192":{"start":{"line":193,"column":0},"end":{"line":193,"column":18}},"193":{"start":{"line":194,"column":0},"end":{"line":194,"column":32}},"194":{"start":{"line":195,"column":0},"end":{"line":195,"column":16}},"195":{"start":{"line":196,"column":0},"end":{"line":196,"column":12}},"196":{"start":{"line":197,"column":0},"end":{"line":197,"column":6}},"197":{"start":{"line":198,"column":0},"end":{"line":198,"column":3}},"198":{"start":{"line":199,"column":0},"end":{"line":199,"column":1}},"199":{"start":{"line":200,"column":0},"end":{"line":200,"column":0}},"200":{"start":{"line":201,"column":0},"end":{"line":201,"column":22}}},"s":{"0":1,"1":1,"2":1,"3":1,"4":1,"5":1,"6":12,"7":12,"8":12,"9":12,"10":12,"11":12,"12":12,"13":12,"14":12,"15":12,"16":12,"17":12,"18":12,"19":12,"20":12,"21":12,"22":12,"23":12,"24":12,"25":12,"26":45,"27":45,"28":45,"29":45,"30":45,"31":45,"32":45,"33":108,"34":108,"35":45,"36":1376,"37":1376,"38":45,"39":45,"40":406,"41":406,"42":45,"43":45,"44":45,"45":45,"46":12,"47":12,"48":19,"49":19,"50":19,"51":19,"52":12,"53":12,"54":11,"55":11,"56":11,"57":11,"58":12,"59":12,"60":1,"61":1,"62":1,"63":1,"64":1,"65":1,"66":1,"67":1,"68":12,"69":12,"70":12,"71":2,"72":2,"73":2,"74":2,"75":2,"76":2,"77":2,"78":12,"79":12,"80":12,"81":12,"82":12,"83":3,"84":3,"85":3,"86":3,"87":3,"88":3,"89":3,"90":3,"91":3,"92":3,"93":2,"94":2,"95":2,"96":2,"97":2,"98":2,"99":2,"100":3,"101":3,"102":12,"103":12,"104":12,"105":12,"106":12,"107":93,"108":93,"109":93,"110":93,"111":93,"112":93,"113":93,"114":93,"115":93,"116":93,"117":93,"118":558,"119":558,"120":3906,"121":3906,"122":3906,"123":3906,"124":3906,"125":3906,"126":83,"127":27,"128":3906,"129":3906,"130":3906,"131":3906,"132":3906,"133":3906,"134":3906,"135":0,"136":0,"137":0,"138":0,"139":0,"140":0,"141":0,"142":0,"143":0,"144":0,"145":0,"146":0,"147":0,"148":0,"149":0,"150":0,"151":0,"152":0,"153":0,"154":0,"155":0,"156":0,"157":0,"158":0,"159":3906,"160":3906,"161":3906,"162":3906,"163":3906,"164":3906,"165":3906,"166":3906,"167":3906,"168":558,"169":558,"170":558,"171":558,"172":558,"173":558,"174":558,"175":558,"176":558,"177":558,"178":558,"179":558,"180":558,"181":558,"182":558,"183":558,"184":558,"185":558,"186":558,"187":651,"188":651,"189":651,"190":558,"191":558,"192":558,"193":558,"194":558,"195":558,"196":93,"197":93,"198":12,"199":1,"200":1},"branchMap":{"0":{"type":"branch","line":7,"loc":{"start":{"line":7,"column":0},"end":{"line":199,"column":1}},"locations":[{"start":{"line":7,"column":0},"end":{"line":199,"column":1}}]},"1":{"type":"branch","line":21,"loc":{"start":{"line":21,"column":2},"end":{"line":23,"column":3}},"locations":[{"start":{"line":21,"column":2},"end":{"line":23,"column":3}}]},"2":{"type":"branch","line":26,"loc":{"start":{"line":26,"column":2},"end":{"line":46,"column":3}},"locations":[{"start":{"line":26,"column":2},"end":{"line":46,"column":3}}]},"3":{"type":"branch","line":31,"loc":{"start":{"line":31,"column":45},"end":{"line":31,"column":55}},"locations":[{"start":{"line":31,"column":45},"end":{"line":31,"column":55}}]},"4":{"type":"branch","line":31,"loc":{"start":{"line":31,"column":50},"end":{"line":31,"column":70}},"locations":[{"start":{"line":31,"column":50},"end":{"line":31,"column":70}}]},"5":{"type":"branch","line":33,"loc":{"start":{"line":33,"column":79},"end":{"line":35,"column":5}},"locations":[{"start":{"line":33,"column":79},"end":{"line":35,"column":5}}]},"6":{"type":"branch","line":36,"loc":{"start":{"line":36,"column":79},"end":{"line":38,"column":5}},"locations":[{"start":{"line":36,"column":79},"end":{"line":38,"column":5}}]},"7":{"type":"branch","line":40,"loc":{"start":{"line":40,"column":126},"end":{"line":42,"column":5}},"locations":[{"start":{"line":40,"column":126},"end":{"line":42,"column":5}}]},"8":{"type":"branch","line":48,"loc":{"start":{"line":48,"column":14},"end":{"line":52,"column":3}},"locations":[{"start":{"line":48,"column":14},"end":{"line":52,"column":3}}]},"9":{"type":"branch","line":54,"loc":{"start":{"line":54,"column":14},"end":{"line":58,"column":3}},"locations":[{"start":{"line":54,"column":14},"end":{"line":58,"column":3}}]},"10":{"type":"branch","line":60,"loc":{"start":{"line":60,"column":16},"end":{"line":68,"column":3}},"locations":[{"start":{"line":60,"column":16},"end":{"line":68,"column":3}}]},"11":{"type":"branch","line":71,"loc":{"start":{"line":71,"column":2},"end":{"line":78,"column":3}},"locations":[{"start":{"line":71,"column":2},"end":{"line":78,"column":3}}]},"12":{"type":"branch","line":83,"loc":{"start":{"line":83,"column":2},"end":{"line":102,"column":3}},"locations":[{"start":{"line":83,"column":2},"end":{"line":102,"column":3}}]},"13":{"type":"branch","line":91,"loc":{"start":{"line":91,"column":39},"end":{"line":91,"column":54}},"locations":[{"start":{"line":91,"column":39},"end":{"line":91,"column":54}}]},"14":{"type":"branch","line":91,"loc":{"start":{"line":91,"column":47},"end":{"line":91,"column":59}},"locations":[{"start":{"line":91,"column":47},"end":{"line":91,"column":59}}]},"15":{"type":"branch","line":93,"loc":{"start":{"line":93,"column":34},"end":{"line":100,"column":5}},"locations":[{"start":{"line":93,"column":34},"end":{"line":100,"column":5}}]},"16":{"type":"branch","line":107,"loc":{"start":{"line":107,"column":2},"end":{"line":198,"column":3}},"locations":[{"start":{"line":107,"column":2},"end":{"line":198,"column":3}}]},"17":{"type":"branch","line":118,"loc":{"start":{"line":118,"column":41},"end":{"line":196,"column":12}},"locations":[{"start":{"line":118,"column":41},"end":{"line":196,"column":12}}]},"18":{"type":"branch","line":120,"loc":{"start":{"line":120,"column":40},"end":{"line":168,"column":5}},"locations":[{"start":{"line":120,"column":40},"end":{"line":168,"column":5}}]},"19":{"type":"branch","line":123,"loc":{"start":{"line":123,"column":82},"end":{"line":123,"column":162}},"locations":[{"start":{"line":123,"column":82},"end":{"line":123,"column":162}}]},"20":{"type":"branch","line":126,"loc":{"start":{"line":126,"column":39},"end":{"line":127,"column":54}},"locations":[{"start":{"line":126,"column":39},"end":{"line":127,"column":54}}]},"21":{"type":"branch","line":127,"loc":{"start":{"line":127,"column":37},"end":{"line":128,"column":49}},"locations":[{"start":{"line":127,"column":37},"end":{"line":128,"column":49}}]},"22":{"type":"branch","line":130,"loc":{"start":{"line":130,"column":20},"end":{"line":130,"column":57}},"locations":[{"start":{"line":130,"column":20},"end":{"line":130,"column":57}}]},"23":{"type":"branch","line":130,"loc":{"start":{"line":130,"column":37},"end":{"line":130,"column":78}},"locations":[{"start":{"line":130,"column":37},"end":{"line":130,"column":78}}]},"24":{"type":"branch","line":130,"loc":{"start":{"line":130,"column":58},"end":{"line":130,"column":88}},"locations":[{"start":{"line":130,"column":58},"end":{"line":130,"column":88}}]},"25":{"type":"branch","line":130,"loc":{"start":{"line":130,"column":78},"end":{"line":130,"column":102}},"locations":[{"start":{"line":130,"column":78},"end":{"line":130,"column":102}}]},"26":{"type":"branch","line":131,"loc":{"start":{"line":131,"column":34},"end":{"line":131,"column":67}},"locations":[{"start":{"line":131,"column":34},"end":{"line":131,"column":67}}]},"27":{"type":"branch","line":131,"loc":{"start":{"line":131,"column":53},"end":{"line":131,"column":69}},"locations":[{"start":{"line":131,"column":53},"end":{"line":131,"column":69}}]},"28":{"type":"branch","line":131,"loc":{"start":{"line":131,"column":73},"end":{"line":131,"column":106}},"locations":[{"start":{"line":131,"column":73},"end":{"line":131,"column":106}}]},"29":{"type":"branch","line":131,"loc":{"start":{"line":131,"column":92},"end":{"line":131,"column":108}},"locations":[{"start":{"line":131,"column":92},"end":{"line":131,"column":108}}]},"30":{"type":"branch","line":187,"loc":{"start":{"line":187,"column":30},"end":{"line":190,"column":21}},"locations":[{"start":{"line":187,"column":30},"end":{"line":190,"column":21}}]}},"b":{"0":[12],"1":[12],"2":[45],"3":[3],"4":[42],"5":[108],"6":[1376],"7":[406],"8":[19],"9":[11],"10":[1],"11":[2],"12":[3],"13":[2],"14":[1],"15":[2],"16":[93],"17":[558],"18":[3906],"19":[1164],"20":[83],"21":[27],"22":[25],"23":[24],"24":[24],"25":[3882],"26":[194],"27":[3712],"28":[732],"29":[3174],"30":[651]},"fnMap":{"0":{"name":"<instance_members_initializer>","decl":{"start":{"line":7,"column":0},"end":{"line":199,"column":1}},"loc":{"start":{"line":7,"column":0},"end":{"line":199,"column":1}},"line":7},"1":{"name":"componentDidMount","decl":{"start":{"line":21,"column":2},"end":{"line":23,"column":3}},"loc":{"start":{"line":21,"column":2},"end":{"line":23,"column":3}},"line":21},"2":{"name":"loadDays","decl":{"start":{"line":26,"column":2},"end":{"line":46,"column":3}},"loc":{"start":{"line":26,"column":2},"end":{"line":46,"column":3}},"line":26},"3":{"name":"PrevClick","decl":{"start":{"line":48,"column":14},"end":{"line":52,"column":3}},"loc":{"start":{"line":48,"column":14},"end":{"line":52,"column":3}},"line":48},"4":{"name":"NextClick","decl":{"start":{"line":54,"column":14},"end":{"line":58,"column":3}},"loc":{"start":{"line":54,"column":14},"end":{"line":58,"column":3}},"line":54},"5":{"name":"HeaderClick","decl":{"start":{"line":60,"column":16},"end":{"line":68,"column":3}},"loc":{"start":{"line":60,"column":16},"end":{"line":68,"column":3}},"line":60},"6":{"name":"setDate","decl":{"start":{"line":71,"column":2},"end":{"line":78,"column":3}},"loc":{"start":{"line":71,"column":2},"end":{"line":78,"column":3}},"line":71},"7":{"name":"checkifValid","decl":{"start":{"line":83,"column":2},"end":{"line":102,"column":3}},"loc":{"start":{"line":83,"column":2},"end":{"line":102,"column":3}},"line":83},"8":{"name":"render","decl":{"start":{"line":107,"column":2},"end":{"line":198,"column":3}},"loc":{"start":{"line":107,"column":2},"end":{"line":198,"column":3}},"line":107},"9":{"name":"onClick","decl":{"start":{"line":135,"column":21},"end":{"line":159,"column":13}},"loc":{"start":{"line":135,"column":21},"end":{"line":159,"column":13}},"line":135}},"f":{"0":12,"1":12,"2":45,"3":19,"4":11,"5":1,"6":2,"7":3,"8":93,"9":0}}
}
