{"C:\\Users\\vtliu\\Desktop\\CSE186\\Assignment 7\\src\\ByIdFunction.js": {"path":"C:\\Users\\vtliu\\Desktop\\CSE186\\Assignment 7\\src\\ByIdFunction.js","statementMap":{"0":{"start":{"line":2,"column":15},"end":{"line":2,"column":28}},"1":{"start":{"line":4,"column":13},"end":{"line":10,"column":2}},"2":{"start":{"line":12,"column":0},"end":{"line":34,"column":2}},"3":{"start":{"line":14,"column":17},"end":{"line":14,"column":37}},"4":{"start":{"line":15,"column":16},"end":{"line":17,"column":3}},"5":{"start":{"line":18,"column":17},"end":{"line":18,"column":40}},"6":{"start":{"line":19,"column":2},"end":{"line":32,"column":3}},"7":{"start":{"line":20,"column":4},"end":{"line":31,"column":5}},"8":{"start":{"line":22,"column":6},"end":{"line":30,"column":8}},"9":{"start":{"line":33,"column":2},"end":{"line":33,"column":16}}},"fnMap":{"0":{"name":"(anonymous_0)","decl":{"start":{"line":12,"column":18},"end":{"line":12,"column":19}},"loc":{"start":{"line":12,"column":38},"end":{"line":34,"column":1}},"line":12}},"branchMap":{"0":{"loc":{"start":{"line":20,"column":4},"end":{"line":31,"column":5}},"type":"if","locations":[{"start":{"line":20,"column":4},"end":{"line":31,"column":5}},{"start":{},"end":{}}],"line":20}},"s":{"0":1,"1":1,"2":1,"3":2,"4":2,"5":2,"6":2,"7":600,"8":1,"9":2},"f":{"0":2},"b":{"0":[1,599]},"_coverageSchema":"1a1c01bbd47fc00a2c39e90264f33305004495a9","hash":"88f0c04a818e7474f29dfe70c313b1bbc47255f7"}
,"C:\\Users\\vtliu\\Desktop\\CSE186\\Assignment 7\\src\\app.js": {"path":"C:\\Users\\vtliu\\Desktop\\CSE186\\Assignment 7\\src\\app.js","statementMap":{"0":{"start":{"line":11,"column":14},"end":{"line":11,"column":35}},"1":{"start":{"line":13,"column":16},"end":{"line":13,"column":34}},"2":{"start":{"line":14,"column":13},"end":{"line":14,"column":31}},"3":{"start":{"line":15,"column":18},"end":{"line":15,"column":47}},"4":{"start":{"line":16,"column":11},"end":{"line":16,"column":24}},"5":{"start":{"line":17,"column":13},"end":{"line":17,"column":28}},"6":{"start":{"line":18,"column":25},"end":{"line":18,"column":61}},"7":{"start":{"line":20,"column":12},"end":{"line":20,"column":21}},"8":{"start":{"line":21,"column":0},"end":{"line":21,"column":24}},"9":{"start":{"line":22,"column":0},"end":{"line":22,"column":47}},"10":{"start":{"line":24,"column":16},"end":{"line":24,"column":59}},"11":{"start":{"line":26,"column":15},"end":{"line":26,"column":58}},"12":{"start":{"line":27,"column":0},"end":{"line":27,"column":66}},"13":{"start":{"line":29,"column":0},"end":{"line":35,"column":2}},"14":{"start":{"line":38,"column":0},"end":{"line":38,"column":34}},"15":{"start":{"line":39,"column":0},"end":{"line":39,"column":39}},"16":{"start":{"line":40,"column":0},"end":{"line":40,"column":33}},"17":{"start":{"line":41,"column":0},"end":{"line":41,"column":40}},"18":{"start":{"line":43,"column":0},"end":{"line":49,"column":3}},"19":{"start":{"line":44,"column":2},"end":{"line":48,"column":5}},"20":{"start":{"line":51,"column":0},"end":{"line":51,"column":21}}},"fnMap":{"0":{"name":"(anonymous_0)","decl":{"start":{"line":43,"column":8},"end":{"line":43,"column":9}},"loc":{"start":{"line":43,"column":33},"end":{"line":49,"column":1}},"line":43}},"branchMap":{},"s":{"0":1,"1":1,"2":1,"3":1,"4":1,"5":1,"6":1,"7":1,"8":1,"9":1,"10":1,"11":1,"12":1,"13":1,"14":1,"15":1,"16":1,"17":1,"18":1,"19":3,"20":1},"f":{"0":3},"b":{},"_coverageSchema":"1a1c01bbd47fc00a2c39e90264f33305004495a9","hash":"766069a7b617ff048894dd477288d54c9621af5b"}
,"C:\\Users\\vtliu\\Desktop\\CSE186\\Assignment 7\\src\\emailGET.js": {"path":"C:\\Users\\vtliu\\Desktop\\CSE186\\Assignment 7\\src\\emailGET.js","statementMap":{"0":{"start":{"line":3,"column":21},"end":{"line":3,"column":46}},"1":{"start":{"line":4,"column":19},"end":{"line":4,"column":44}},"2":{"start":{"line":5,"column":17},"end":{"line":5,"column":39}},"3":{"start":{"line":6,"column":16},"end":{"line":6,"column":37}},"4":{"start":{"line":8,"column":0},"end":{"line":15,"column":2}},"5":{"start":{"line":9,"column":15},"end":{"line":10,"column":52}},"6":{"start":{"line":11,"column":2},"end":{"line":13,"column":3}},"7":{"start":{"line":12,"column":4},"end":{"line":12,"column":34}},"8":{"start":{"line":14,"column":2},"end":{"line":14,"column":36}},"9":{"start":{"line":17,"column":0},"end":{"line":24,"column":2}},"10":{"start":{"line":18,"column":17},"end":{"line":18,"column":56}},"11":{"start":{"line":20,"column":2},"end":{"line":22,"column":3}},"12":{"start":{"line":21,"column":4},"end":{"line":21,"column":34}},"13":{"start":{"line":23,"column":2},"end":{"line":23,"column":38}},"14":{"start":{"line":26,"column":0},"end":{"line":29,"column":2}},"15":{"start":{"line":27,"column":2},"end":{"line":27,"column":41}},"16":{"start":{"line":28,"column":2},"end":{"line":28,"column":38}},"17":{"start":{"line":31,"column":0},"end":{"line":41,"column":2}},"18":{"start":{"line":32,"column":2},"end":{"line":32,"column":63}},"19":{"start":{"line":33,"column":2},"end":{"line":35,"column":3}},"20":{"start":{"line":34,"column":4},"end":{"line":34,"column":34}},"21":{"start":{"line":36,"column":2},"end":{"line":38,"column":3}},"22":{"start":{"line":37,"column":4},"end":{"line":37,"column":34}},"23":{"start":{"line":40,"column":2},"end":{"line":40,"column":38}}},"fnMap":{"0":{"name":"(anonymous_0)","decl":{"start":{"line":8,"column":17},"end":{"line":8,"column":18}},"loc":{"start":{"line":8,"column":37},"end":{"line":15,"column":1}},"line":8},"1":{"name":"(anonymous_1)","decl":{"start":{"line":17,"column":18},"end":{"line":17,"column":19}},"loc":{"start":{"line":17,"column":38},"end":{"line":24,"column":1}},"line":17},"2":{"name":"(anonymous_2)","decl":{"start":{"line":26,"column":15},"end":{"line":26,"column":16}},"loc":{"start":{"line":26,"column":35},"end":{"line":29,"column":1}},"line":26},"3":{"name":"(anonymous_3)","decl":{"start":{"line":31,"column":19},"end":{"line":31,"column":20}},"loc":{"start":{"line":31,"column":39},"end":{"line":41,"column":1}},"line":31}},"branchMap":{"0":{"loc":{"start":{"line":11,"column":2},"end":{"line":13,"column":3}},"type":"if","locations":[{"start":{"line":11,"column":2},"end":{"line":13,"column":3}},{"start":{},"end":{}}],"line":11},"1":{"loc":{"start":{"line":20,"column":2},"end":{"line":22,"column":3}},"type":"if","locations":[{"start":{"line":20,"column":2},"end":{"line":22,"column":3}},{"start":{},"end":{}}],"line":20},"2":{"loc":{"start":{"line":33,"column":2},"end":{"line":35,"column":3}},"type":"if","locations":[{"start":{"line":33,"column":2},"end":{"line":35,"column":3}},{"start":{},"end":{}}],"line":33},"3":{"loc":{"start":{"line":36,"column":2},"end":{"line":38,"column":3}},"type":"if","locations":[{"start":{"line":36,"column":2},"end":{"line":38,"column":3}},{"start":{},"end":{}}],"line":36}},"s":{"0":1,"1":1,"2":1,"3":1,"4":1,"5":16,"6":16,"7":2,"8":14,"9":1,"10":2,"11":2,"12":1,"13":1,"14":1,"15":1,"16":1,"17":1,"18":5,"19":5,"20":1,"21":4,"22":1,"23":3},"f":{"0":16,"1":2,"2":1,"3":5},"b":{"0":[2,14],"1":[1,1],"2":[1,4],"3":[1,3]},"_coverageSchema":"1a1c01bbd47fc00a2c39e90264f33305004495a9","hash":"41f54a0b6b496a146d061467c46e604b5020a253"}
,"C:\\Users\\vtliu\\Desktop\\CSE186\\Assignment 7\\src\\getbymailbox.js": {"path":"C:\\Users\\vtliu\\Desktop\\CSE186\\Assignment 7\\src\\getbymailbox.js","statementMap":{"0":{"start":{"line":3,"column":15},"end":{"line":3,"column":28}},"1":{"start":{"line":5,"column":13},"end":{"line":11,"column":2}},"2":{"start":{"line":13,"column":0},"end":{"line":105,"column":2}},"3":{"start":{"line":16,"column":2},"end":{"line":20,"column":3}},"4":{"start":{"line":17,"column":19},"end":{"line":17,"column":44}},"5":{"start":{"line":18,"column":4},"end":{"line":18,"column":22}},"6":{"start":{"line":19,"column":4},"end":{"line":19,"column":35}},"7":{"start":{"line":21,"column":17},"end":{"line":21,"column":19}},"8":{"start":{"line":22,"column":21},"end":{"line":22,"column":59}},"9":{"start":{"line":24,"column":17},"end":{"line":24,"column":37}},"10":{"start":{"line":25,"column":16},"end":{"line":27,"column":3}},"11":{"start":{"line":28,"column":17},"end":{"line":28,"column":40}},"12":{"start":{"line":30,"column":2},"end":{"line":82,"column":3}},"13":{"start":{"line":31,"column":24},"end":{"line":31,"column":35}},"14":{"start":{"line":33,"column":4},"end":{"line":81,"column":5}},"15":{"start":{"line":37,"column":6},"end":{"line":46,"column":7}},"16":{"start":{"line":38,"column":8},"end":{"line":45,"column":11}},"17":{"start":{"line":47,"column":11},"end":{"line":81,"column":5}},"18":{"start":{"line":51,"column":6},"end":{"line":60,"column":7}},"19":{"start":{"line":52,"column":8},"end":{"line":59,"column":11}},"20":{"start":{"line":61,"column":11},"end":{"line":81,"column":5}},"21":{"start":{"line":62,"column":6},"end":{"line":80,"column":7}},"22":{"start":{"line":63,"column":8},"end":{"line":70,"column":11}},"23":{"start":{"line":72,"column":8},"end":{"line":79,"column":11}},"24":{"start":{"line":84,"column":2},"end":{"line":99,"column":3}},"25":{"start":{"line":85,"column":4},"end":{"line":85,"column":37}},"26":{"start":{"line":86,"column":4},"end":{"line":90,"column":5}},"27":{"start":{"line":86,"column":17},"end":{"line":86,"column":18}},"28":{"start":{"line":87,"column":6},"end":{"line":89,"column":7}},"29":{"start":{"line":88,"column":8},"end":{"line":88,"column":75}},"30":{"start":{"line":92,"column":4},"end":{"line":98,"column":5}},"31":{"start":{"line":93,"column":6},"end":{"line":93,"column":23}},"32":{"start":{"line":95,"column":6},"end":{"line":97,"column":47}},"33":{"start":{"line":100,"column":2},"end":{"line":104,"column":3}},"34":{"start":{"line":101,"column":4},"end":{"line":101,"column":18}},"35":{"start":{"line":103,"column":4},"end":{"line":103,"column":21}},"36":{"start":{"line":107,"column":0},"end":{"line":121,"column":2}},"37":{"start":{"line":109,"column":27},"end":{"line":109,"column":32}},"38":{"start":{"line":110,"column":23},"end":{"line":110,"column":51}},"39":{"start":{"line":111,"column":2},"end":{"line":119,"column":3}},"40":{"start":{"line":112,"column":4},"end":{"line":112,"column":36}},"41":{"start":{"line":113,"column":4},"end":{"line":113,"column":30}},"42":{"start":{"line":115,"column":28},"end":{"line":115,"column":50}},"43":{"start":{"line":116,"column":23},"end":{"line":116,"column":49}},"44":{"start":{"line":117,"column":4},"end":{"line":118,"column":72}},"45":{"start":{"line":118,"column":16},"end":{"line":118,"column":60}},"46":{"start":{"line":120,"column":2},"end":{"line":120,"column":40}}},"fnMap":{"0":{"name":"(anonymous_0)","decl":{"start":{"line":13,"column":23},"end":{"line":13,"column":24}},"loc":{"start":{"line":13,"column":58},"end":{"line":105,"column":1}},"line":13},"1":{"name":"(anonymous_1)","decl":{"start":{"line":107,"column":12},"end":{"line":107,"column":13}},"loc":{"start":{"line":107,"column":32},"end":{"line":121,"column":1}},"line":107},"2":{"name":"(anonymous_2)","decl":{"start":{"line":118,"column":6},"end":{"line":118,"column":7}},"loc":{"start":{"line":118,"column":16},"end":{"line":118,"column":60}},"line":118}},"branchMap":{"0":{"loc":{"start":{"line":16,"column":2},"end":{"line":20,"column":3}},"type":"if","locations":[{"start":{"line":16,"column":2},"end":{"line":20,"column":3}},{"start":{},"end":{}}],"line":16},"1":{"loc":{"start":{"line":33,"column":4},"end":{"line":81,"column":5}},"type":"if","locations":[{"start":{"line":33,"column":4},"end":{"line":81,"column":5}},{"start":{"line":47,"column":11},"end":{"line":81,"column":5}}],"line":33},"2":{"loc":{"start":{"line":33,"column":8},"end":{"line":35,"column":42}},"type":"binary-expr","locations":[{"start":{"line":33,"column":9},"end":{"line":33,"column":30}},{"start":{"line":34,"column":7},"end":{"line":34,"column":35}},{"start":{"line":35,"column":7},"end":{"line":35,"column":41}}],"line":33},"3":{"loc":{"start":{"line":37,"column":6},"end":{"line":46,"column":7}},"type":"if","locations":[{"start":{"line":37,"column":6},"end":{"line":46,"column":7}},{"start":{},"end":{}}],"line":37},"4":{"loc":{"start":{"line":47,"column":11},"end":{"line":81,"column":5}},"type":"if","locations":[{"start":{"line":47,"column":11},"end":{"line":81,"column":5}},{"start":{"line":61,"column":11},"end":{"line":81,"column":5}}],"line":47},"5":{"loc":{"start":{"line":47,"column":15},"end":{"line":49,"column":37}},"type":"binary-expr","locations":[{"start":{"line":47,"column":16},"end":{"line":47,"column":37}},{"start":{"line":48,"column":7},"end":{"line":48,"column":34}},{"start":{"line":49,"column":7},"end":{"line":49,"column":36}}],"line":47},"6":{"loc":{"start":{"line":51,"column":6},"end":{"line":60,"column":7}},"type":"if","locations":[{"start":{"line":51,"column":6},"end":{"line":60,"column":7}},{"start":{},"end":{}}],"line":51},"7":{"loc":{"start":{"line":61,"column":11},"end":{"line":81,"column":5}},"type":"if","locations":[{"start":{"line":61,"column":11},"end":{"line":81,"column":5}},{"start":{},"end":{}}],"line":61},"8":{"loc":{"start":{"line":62,"column":6},"end":{"line":80,"column":7}},"type":"if","locations":[{"start":{"line":62,"column":6},"end":{"line":80,"column":7}},{"start":{"line":71,"column":13},"end":{"line":80,"column":7}}],"line":62},"9":{"loc":{"start":{"line":84,"column":2},"end":{"line":99,"column":3}},"type":"if","locations":[{"start":{"line":84,"column":2},"end":{"line":99,"column":3}},{"start":{"line":91,"column":9},"end":{"line":99,"column":3}}],"line":84},"10":{"loc":{"start":{"line":87,"column":6},"end":{"line":89,"column":7}},"type":"if","locations":[{"start":{"line":87,"column":6},"end":{"line":89,"column":7}},{"start":{},"end":{}}],"line":87},"11":{"loc":{"start":{"line":92,"column":4},"end":{"line":98,"column":5}},"type":"if","locations":[{"start":{"line":92,"column":4},"end":{"line":98,"column":5}},{"start":{"line":94,"column":11},"end":{"line":98,"column":5}}],"line":92},"12":{"loc":{"start":{"line":100,"column":2},"end":{"line":104,"column":3}},"type":"if","locations":[{"start":{"line":100,"column":2},"end":{"line":104,"column":3}},{"start":{"line":102,"column":9},"end":{"line":104,"column":3}}],"line":100},"13":{"loc":{"start":{"line":111,"column":2},"end":{"line":119,"column":3}},"type":"if","locations":[{"start":{"line":111,"column":2},"end":{"line":119,"column":3}},{"start":{"line":114,"column":9},"end":{"line":119,"column":3}}],"line":111}},"s":{"0":1,"1":1,"2":1,"3":16,"4":4,"5":4,"6":4,"7":16,"8":16,"9":16,"10":16,"11":16,"12":16,"13":4810,"14":4810,"15":44,"16":44,"17":4766,"18":1,"19":1,"20":4765,"21":3606,"22":3602,"23":4,"24":16,"25":4,"26":4,"27":4,"28":12,"29":6,"30":12,"31":1,"32":11,"33":15,"34":14,"35":1,"36":1,"37":4,"38":4,"39":4,"40":1,"41":1,"42":3,"43":3,"44":3,"45":3,"46":4},"f":{"0":16,"1":4,"2":3},"b":{"0":[4,12],"1":[44,4766],"2":[4810,1204,903],"3":[44,0],"4":[1,4765],"5":[4766,1160,301],"6":[1,0],"7":[3606,1159],"8":[3602,4],"9":[4,12],"10":[6,6],"11":[1,11],"12":[14,1],"13":[1,3]},"_coverageSchema":"1a1c01bbd47fc00a2c39e90264f33305004495a9","hash":"5cd09a8f2d37bc27a22a30d3d7b2f0feca3f7c31"}
,"C:\\Users\\vtliu\\Desktop\\CSE186\\Assignment 7\\src\\poststuff.js": {"path":"C:\\Users\\vtliu\\Desktop\\CSE186\\Assignment 7\\src\\poststuff.js","statementMap":{"0":{"start":{"line":3,"column":15},"end":{"line":3,"column":28}},"1":{"start":{"line":5,"column":13},"end":{"line":11,"column":2}},"2":{"start":{"line":13,"column":0},"end":{"line":42,"column":2}},"3":{"start":{"line":14,"column":18},"end":{"line":14,"column":61}},"4":{"start":{"line":15,"column":15},"end":{"line":15,"column":77}},"5":{"start":{"line":16,"column":13},"end":{"line":16,"column":24}},"6":{"start":{"line":17,"column":20},"end":{"line":24,"column":3}},"7":{"start":{"line":26,"column":27},"end":{"line":29,"column":16}},"8":{"start":{"line":30,"column":2},"end":{"line":30,"column":67}},"9":{"start":{"line":32,"column":21},"end":{"line":40,"column":3}},"10":{"start":{"line":41,"column":2},"end":{"line":41,"column":20}}},"fnMap":{"0":{"name":"(anonymous_0)","decl":{"start":{"line":13,"column":20},"end":{"line":13,"column":21}},"loc":{"start":{"line":13,"column":35},"end":{"line":42,"column":1}},"line":13}},"branchMap":{},"s":{"0":1,"1":1,"2":1,"3":1,"4":1,"5":1,"6":1,"7":1,"8":1,"9":1,"10":1},"f":{"0":1},"b":{},"_coverageSchema":"1a1c01bbd47fc00a2c39e90264f33305004495a9","hash":"ba2926b7a8d23642280cd31034dee90584e85eaa"}
,"C:\\Users\\vtliu\\Desktop\\CSE186\\Assignment 7\\src\\putstuff.js": {"path":"C:\\Users\\vtliu\\Desktop\\CSE186\\Assignment 7\\src\\putstuff.js","statementMap":{"0":{"start":{"line":3,"column":15},"end":{"line":3,"column":28}},"1":{"start":{"line":5,"column":13},"end":{"line":11,"column":2}},"2":{"start":{"line":13,"column":0},"end":{"line":47,"column":2}},"3":{"start":{"line":15,"column":17},"end":{"line":15,"column":37}},"4":{"start":{"line":16,"column":16},"end":{"line":18,"column":3}},"5":{"start":{"line":19,"column":17},"end":{"line":19,"column":40}},"6":{"start":{"line":21,"column":2},"end":{"line":45,"column":3}},"7":{"start":{"line":22,"column":4},"end":{"line":44,"column":5}},"8":{"start":{"line":23,"column":6},"end":{"line":25,"column":7}},"9":{"start":{"line":24,"column":8},"end":{"line":24,"column":21}},"10":{"start":{"line":26,"column":6},"end":{"line":34,"column":8}},"11":{"start":{"line":37,"column":26},"end":{"line":41,"column":7}},"12":{"start":{"line":42,"column":6},"end":{"line":42,"column":63}},"13":{"start":{"line":43,"column":6},"end":{"line":43,"column":20}},"14":{"start":{"line":46,"column":2},"end":{"line":46,"column":15}}},"fnMap":{"0":{"name":"(anonymous_0)","decl":{"start":{"line":13,"column":14},"end":{"line":13,"column":15}},"loc":{"start":{"line":13,"column":49},"end":{"line":47,"column":1}},"line":13}},"branchMap":{"0":{"loc":{"start":{"line":22,"column":4},"end":{"line":44,"column":5}},"type":"if","locations":[{"start":{"line":22,"column":4},"end":{"line":44,"column":5}},{"start":{},"end":{}}],"line":22},"1":{"loc":{"start":{"line":23,"column":6},"end":{"line":25,"column":7}},"type":"if","locations":[{"start":{"line":23,"column":6},"end":{"line":25,"column":7}},{"start":{},"end":{}}],"line":23},"2":{"loc":{"start":{"line":23,"column":10},"end":{"line":23,"column":59}},"type":"binary-expr","locations":[{"start":{"line":23,"column":10},"end":{"line":23,"column":31}},{"start":{"line":23,"column":35},"end":{"line":23,"column":59}}],"line":23}},"s":{"0":1,"1":1,"2":1,"3":5,"4":5,"5":5,"6":5,"7":918,"8":4,"9":1,"10":3,"11":3,"12":3,"13":3,"14":1},"f":{"0":5},"b":{"0":[4,914],"1":[1,3],"2":[4,4]},"_coverageSchema":"1a1c01bbd47fc00a2c39e90264f33305004495a9","hash":"03443ef9cf2d409155c26ff57cee9bdb484ab77d"}
,"C:\\Users\\vtliu\\Desktop\\CSE186\\Assignment 7\\test\\db.js": {"path":"C:\\Users\\vtliu\\Desktop\\CSE186\\Assignment 7\\test\\db.js","statementMap":{"0":{"start":{"line":16,"column":11},"end":{"line":16,"column":24}},"1":{"start":{"line":17,"column":15},"end":{"line":17,"column":28}},"2":{"start":{"line":19,"column":0},"end":{"line":19,"column":27}},"3":{"start":{"line":20,"column":0},"end":{"line":20,"column":31}},"4":{"start":{"line":22,"column":13},"end":{"line":28,"column":2}},"5":{"start":{"line":30,"column":12},"end":{"line":36,"column":1}},"6":{"start":{"line":31,"column":18},"end":{"line":31,"column":47}},"7":{"start":{"line":32,"column":21},"end":{"line":32,"column":43}},"8":{"start":{"line":33,"column":2},"end":{"line":35,"column":3}},"9":{"start":{"line":34,"column":4},"end":{"line":34,"column":32}},"10":{"start":{"line":38,"column":0},"end":{"line":42,"column":2}},"11":{"start":{"line":39,"column":2},"end":{"line":39,"column":30}},"12":{"start":{"line":40,"column":2},"end":{"line":40,"column":28}},"13":{"start":{"line":41,"column":2},"end":{"line":41,"column":31}}},"fnMap":{"0":{"name":"(anonymous_0)","decl":{"start":{"line":30,"column":12},"end":{"line":30,"column":13}},"loc":{"start":{"line":30,"column":28},"end":{"line":36,"column":1}},"line":30},"1":{"name":"(anonymous_1)","decl":{"start":{"line":38,"column":16},"end":{"line":38,"column":17}},"loc":{"start":{"line":38,"column":28},"end":{"line":42,"column":1}},"line":38}},"branchMap":{},"s":{"0":1,"1":1,"2":1,"3":1,"4":1,"5":1,"6":3,"7":3,"8":3,"9":307,"10":1,"11":1,"12":1,"13":1},"f":{"0":3,"1":1},"b":{},"_coverageSchema":"1a1c01bbd47fc00a2c39e90264f33305004495a9","hash":"3573e1835b7b0116649565093d316b6b0fb6c74c"}
}
