TN:
SF:src\ByIdFunction.js
FN:12,(anonymous_0)
FNF:1
FNH:1
FNDA:2,(anonymous_0)
DA:2,1
DA:4,1
DA:12,1
DA:14,2
DA:15,2
DA:18,2
DA:19,2
DA:20,600
DA:22,1
DA:33,2
LF:10
LH:10
BRDA:20,0,0,1
BRDA:20,0,1,599
BRF:2
BRH:2
end_of_record
TN:
SF:src\app.js
FN:43,(anonymous_0)
FNF:1
FNH:1
FNDA:3,(anonymous_0)
DA:11,1
DA:13,1
DA:14,1
DA:15,1
DA:16,1
DA:17,1
DA:18,1
DA:20,1
DA:21,1
DA:22,1
DA:24,1
DA:26,1
DA:27,1
DA:29,1
DA:38,1
DA:39,1
DA:40,1
DA:41,1
DA:43,1
DA:44,3
DA:51,1
LF:21
LH:21
BRF:0
BRH:0
end_of_record
TN:
SF:src\emailGET.js
FN:8,(anonymous_0)
FN:17,(anonymous_1)
FN:26,(anonymous_2)
FN:31,(anonymous_3)
FNF:4
FNH:4
FNDA:16,(anonymous_0)
FNDA:2,(anonymous_1)
FNDA:1,(anonymous_2)
FNDA:5,(anonymous_3)
DA:3,1
DA:4,1
DA:5,1
DA:6,1
DA:8,1
DA:9,16
DA:11,16
DA:12,2
DA:14,14
DA:17,1
DA:18,2
DA:20,2
DA:21,1
DA:23,1
DA:26,1
DA:27,1
DA:28,1
DA:31,1
DA:32,5
DA:33,5
DA:34,1
DA:36,4
DA:37,1
DA:40,3
LF:24
LH:24
BRDA:11,0,0,2
BRDA:11,0,1,14
BRDA:20,1,0,1
BRDA:20,1,1,1
BRDA:33,2,0,1
BRDA:33,2,1,4
BRDA:36,3,0,1
BRDA:36,3,1,3
BRF:8
BRH:8
end_of_record
TN:
SF:src\getbymailbox.js
FN:13,(anonymous_0)
FN:107,(anonymous_1)
FN:118,(anonymous_2)
FNF:3
FNH:3
FNDA:16,(anonymous_0)
FNDA:4,(anonymous_1)
FNDA:3,(anonymous_2)
DA:3,1
DA:5,1
DA:13,1
DA:16,16
DA:17,4
DA:18,4
DA:19,4
DA:21,16
DA:22,16
DA:24,16
DA:25,16
DA:28,16
DA:30,16
DA:31,4810
DA:33,4810
DA:37,44
DA:38,44
DA:47,4766
DA:51,1
DA:52,1
DA:61,4765
DA:62,3606
DA:63,3602
DA:72,4
DA:84,16
DA:85,4
DA:86,4
DA:87,12
DA:88,6
DA:92,12
DA:93,1
DA:95,11
DA:100,15
DA:101,14
DA:103,1
DA:107,1
DA:109,4
DA:110,4
DA:111,4
DA:112,1
DA:113,1
DA:115,3
DA:116,3
DA:117,3
DA:118,3
DA:120,4
LF:46
LH:46
BRDA:16,0,0,4
BRDA:16,0,1,12
BRDA:33,1,0,44
BRDA:33,1,1,4766
BRDA:33,2,0,4810
BRDA:33,2,1,1204
BRDA:33,2,2,903
BRDA:37,3,0,44
BRDA:37,3,1,0
BRDA:47,4,0,1
BRDA:47,4,1,4765
BRDA:47,5,0,4766
BRDA:47,5,1,1160
BRDA:47,5,2,301
BRDA:51,6,0,1
BRDA:51,6,1,0
BRDA:61,7,0,3606
BRDA:61,7,1,1159
BRDA:62,8,0,3602
BRDA:62,8,1,4
BRDA:84,9,0,4
BRDA:84,9,1,12
BRDA:87,10,0,6
BRDA:87,10,1,6
BRDA:92,11,0,1
BRDA:92,11,1,11
BRDA:100,12,0,14
BRDA:100,12,1,1
BRDA:111,13,0,1
BRDA:111,13,1,3
BRF:30
BRH:28
end_of_record
TN:
SF:src\poststuff.js
FN:13,(anonymous_0)
FNF:1
FNH:1
FNDA:1,(anonymous_0)
DA:3,1
DA:5,1
DA:13,1
DA:14,1
DA:15,1
DA:16,1
DA:17,1
DA:26,1
DA:30,1
DA:32,1
DA:41,1
LF:11
LH:11
BRF:0
BRH:0
end_of_record
TN:
SF:src\putstuff.js
FN:13,(anonymous_0)
FNF:1
FNH:1
FNDA:5,(anonymous_0)
DA:3,1
DA:5,1
DA:13,1
DA:15,5
DA:16,5
DA:19,5
DA:21,5
DA:22,918
DA:23,4
DA:24,1
DA:26,3
DA:37,3
DA:42,3
DA:43,3
DA:46,1
LF:15
LH:15
BRDA:22,0,0,4
BRDA:22,0,1,914
BRDA:23,1,0,1
BRDA:23,1,1,3
BRDA:23,2,0,4
BRDA:23,2,1,4
BRF:6
BRH:6
end_of_record
TN:
SF:test\db.js
FN:30,(anonymous_0)
FN:38,(anonymous_1)
FNF:2
FNH:2
FNDA:3,(anonymous_0)
FNDA:1,(anonymous_1)
DA:16,1
DA:17,1
DA:19,1
DA:20,1
DA:22,1
DA:30,1
DA:31,3
DA:32,3
DA:33,3
DA:34,307
DA:38,1
DA:39,1
DA:40,1
DA:41,1
LF:14
LH:14
BRF:0
BRH:0
end_of_record
