{"C:\\Users\\vtliu\\Desktop\\CSE186\\Assignment 5\\src\\App.jsx": {"path":"C:\\Users\\vtliu\\Desktop\\CSE186\\Assignment 5\\src\\App.jsx","all":false,"statementMap":{"0":{"start":{"line":1,"column":0},"end":{"line":1,"column":26}},"1":{"start":{"line":2,"column":0},"end":{"line":2,"column":19}},"2":{"start":{"line":3,"column":0},"end":{"line":3,"column":0}},"3":{"start":{"line":4,"column":0},"end":{"line":4,"column":37}},"4":{"start":{"line":5,"column":0},"end":{"line":5,"column":0}},"5":{"start":{"line":6,"column":0},"end":{"line":6,"column":48}},"6":{"start":{"line":7,"column":0},"end":{"line":7,"column":109}},"7":{"start":{"line":8,"column":0},"end":{"line":8,"column":0}},"8":{"start":{"line":9,"column":0},"end":{"line":9,"column":35}},"9":{"start":{"line":10,"column":0},"end":{"line":10,"column":40}},"10":{"start":{"line":11,"column":0},"end":{"line":11,"column":0}},"11":{"start":{"line":12,"column":0},"end":{"line":12,"column":32}},"12":{"start":{"line":13,"column":0},"end":{"line":13,"column":21}},"13":{"start":{"line":14,"column":0},"end":{"line":14,"column":0}},"14":{"start":{"line":15,"column":0},"end":{"line":15,"column":15}},"15":{"start":{"line":16,"column":0},"end":{"line":16,"column":21}},"16":{"start":{"line":17,"column":0},"end":{"line":17,"column":50}},"17":{"start":{"line":18,"column":0},"end":{"line":18,"column":42}},"18":{"start":{"line":19,"column":0},"end":{"line":19,"column":59}},"19":{"start":{"line":20,"column":0},"end":{"line":20,"column":89}},"20":{"start":{"line":21,"column":0},"end":{"line":21,"column":55}},"21":{"start":{"line":22,"column":0},"end":{"line":22,"column":51}},"22":{"start":{"line":23,"column":0},"end":{"line":23,"column":27}},"23":{"start":{"line":24,"column":0},"end":{"line":24,"column":0}},"24":{"start":{"line":25,"column":0},"end":{"line":25,"column":3}},"25":{"start":{"line":26,"column":0},"end":{"line":26,"column":34}},"26":{"start":{"line":27,"column":0},"end":{"line":27,"column":2}},"27":{"start":{"line":28,"column":0},"end":{"line":28,"column":64}},"28":{"start":{"line":29,"column":0},"end":{"line":29,"column":32}},"29":{"start":{"line":30,"column":0},"end":{"line":30,"column":3}},"30":{"start":{"line":31,"column":0},"end":{"line":31,"column":35}},"31":{"start":{"line":32,"column":0},"end":{"line":32,"column":50}},"32":{"start":{"line":33,"column":0},"end":{"line":33,"column":59}},"33":{"start":{"line":34,"column":0},"end":{"line":34,"column":61}},"34":{"start":{"line":35,"column":0},"end":{"line":35,"column":61}},"35":{"start":{"line":36,"column":0},"end":{"line":36,"column":62}},"36":{"start":{"line":37,"column":0},"end":{"line":37,"column":0}},"37":{"start":{"line":38,"column":0},"end":{"line":38,"column":22}},"38":{"start":{"line":39,"column":0},"end":{"line":39,"column":17}},"39":{"start":{"line":40,"column":0},"end":{"line":40,"column":18}},"40":{"start":{"line":41,"column":0},"end":{"line":41,"column":25}},"41":{"start":{"line":42,"column":0},"end":{"line":42,"column":25}},"42":{"start":{"line":43,"column":0},"end":{"line":43,"column":22}},"43":{"start":{"line":44,"column":0},"end":{"line":44,"column":24}},"44":{"start":{"line":45,"column":0},"end":{"line":45,"column":22}},"45":{"start":{"line":46,"column":0},"end":{"line":46,"column":26}},"46":{"start":{"line":47,"column":0},"end":{"line":47,"column":25}},"47":{"start":{"line":48,"column":0},"end":{"line":48,"column":6}},"48":{"start":{"line":49,"column":0},"end":{"line":49,"column":3}},"49":{"start":{"line":50,"column":0},"end":{"line":50,"column":0}},"50":{"start":{"line":51,"column":0},"end":{"line":51,"column":33}},"51":{"start":{"line":52,"column":0},"end":{"line":52,"column":62}},"52":{"start":{"line":53,"column":0},"end":{"line":53,"column":24}},"53":{"start":{"line":54,"column":0},"end":{"line":54,"column":30}},"54":{"start":{"line":55,"column":0},"end":{"line":55,"column":30}},"55":{"start":{"line":56,"column":0},"end":{"line":56,"column":12}},"56":{"start":{"line":57,"column":0},"end":{"line":57,"column":8}},"57":{"start":{"line":58,"column":0},"end":{"line":58,"column":7}},"58":{"start":{"line":59,"column":0},"end":{"line":59,"column":0}},"59":{"start":{"line":60,"column":0},"end":{"line":60,"column":28}},"60":{"start":{"line":61,"column":0},"end":{"line":61,"column":47}},"61":{"start":{"line":62,"column":0},"end":{"line":62,"column":93}},"62":{"start":{"line":63,"column":0},"end":{"line":63,"column":76}},"63":{"start":{"line":64,"column":0},"end":{"line":64,"column":19}},"64":{"start":{"line":65,"column":0},"end":{"line":65,"column":16}},"65":{"start":{"line":66,"column":0},"end":{"line":66,"column":17}},"66":{"start":{"line":67,"column":0},"end":{"line":67,"column":14}},"67":{"start":{"line":68,"column":0},"end":{"line":68,"column":7}},"68":{"start":{"line":69,"column":0},"end":{"line":69,"column":4}},"69":{"start":{"line":70,"column":0},"end":{"line":70,"column":0}},"70":{"start":{"line":71,"column":0},"end":{"line":71,"column":28}},"71":{"start":{"line":72,"column":0},"end":{"line":72,"column":19}},"72":{"start":{"line":73,"column":0},"end":{"line":73,"column":25}},"73":{"start":{"line":74,"column":0},"end":{"line":74,"column":25}},"74":{"start":{"line":75,"column":0},"end":{"line":75,"column":26}},"75":{"start":{"line":76,"column":0},"end":{"line":76,"column":25}},"76":{"start":{"line":77,"column":0},"end":{"line":77,"column":7}},"77":{"start":{"line":78,"column":0},"end":{"line":78,"column":4}},"78":{"start":{"line":79,"column":0},"end":{"line":79,"column":2}},"79":{"start":{"line":80,"column":0},"end":{"line":80,"column":28}},"80":{"start":{"line":81,"column":0},"end":{"line":81,"column":19}},"81":{"start":{"line":82,"column":0},"end":{"line":82,"column":25}},"82":{"start":{"line":83,"column":0},"end":{"line":83,"column":25}},"83":{"start":{"line":84,"column":0},"end":{"line":84,"column":26}},"84":{"start":{"line":85,"column":0},"end":{"line":85,"column":25}},"85":{"start":{"line":86,"column":0},"end":{"line":86,"column":7}},"86":{"start":{"line":87,"column":0},"end":{"line":87,"column":4}},"87":{"start":{"line":88,"column":0},"end":{"line":88,"column":0}},"88":{"start":{"line":89,"column":0},"end":{"line":89,"column":31}},"89":{"start":{"line":90,"column":0},"end":{"line":90,"column":22}},"90":{"start":{"line":91,"column":0},"end":{"line":91,"column":28}},"91":{"start":{"line":92,"column":0},"end":{"line":92,"column":29}},"92":{"start":{"line":93,"column":0},"end":{"line":93,"column":28}},"93":{"start":{"line":94,"column":0},"end":{"line":94,"column":10}},"94":{"start":{"line":95,"column":0},"end":{"line":95,"column":7}},"95":{"start":{"line":96,"column":0},"end":{"line":96,"column":0}},"96":{"start":{"line":97,"column":0},"end":{"line":97,"column":31}},"97":{"start":{"line":98,"column":0},"end":{"line":98,"column":44}},"98":{"start":{"line":99,"column":0},"end":{"line":99,"column":170}},"99":{"start":{"line":100,"column":0},"end":{"line":100,"column":82}},"100":{"start":{"line":101,"column":0},"end":{"line":101,"column":112}},"101":{"start":{"line":102,"column":0},"end":{"line":102,"column":31}},"102":{"start":{"line":103,"column":0},"end":{"line":103,"column":3}},"103":{"start":{"line":104,"column":0},"end":{"line":104,"column":0}},"104":{"start":{"line":105,"column":0},"end":{"line":105,"column":5}},"105":{"start":{"line":106,"column":0},"end":{"line":106,"column":48}},"106":{"start":{"line":107,"column":0},"end":{"line":107,"column":5}},"107":{"start":{"line":108,"column":0},"end":{"line":108,"column":12}},"108":{"start":{"line":109,"column":0},"end":{"line":109,"column":71}},"109":{"start":{"line":110,"column":0},"end":{"line":110,"column":12}},"110":{"start":{"line":111,"column":0},"end":{"line":111,"column":11}},"111":{"start":{"line":112,"column":0},"end":{"line":112,"column":46}},"112":{"start":{"line":113,"column":0},"end":{"line":113,"column":86}},"113":{"start":{"line":114,"column":0},"end":{"line":114,"column":36}},"114":{"start":{"line":115,"column":0},"end":{"line":115,"column":20}},"115":{"start":{"line":116,"column":0},"end":{"line":116,"column":139}},"116":{"start":{"line":117,"column":0},"end":{"line":117,"column":27}},"117":{"start":{"line":118,"column":0},"end":{"line":118,"column":23}},"118":{"start":{"line":119,"column":0},"end":{"line":119,"column":78}},"119":{"start":{"line":120,"column":0},"end":{"line":120,"column":84}},"120":{"start":{"line":121,"column":0},"end":{"line":121,"column":21}},"121":{"start":{"line":122,"column":0},"end":{"line":122,"column":21}},"122":{"start":{"line":123,"column":0},"end":{"line":123,"column":15}},"123":{"start":{"line":124,"column":0},"end":{"line":124,"column":16}},"124":{"start":{"line":125,"column":0},"end":{"line":125,"column":80}},"125":{"start":{"line":126,"column":0},"end":{"line":126,"column":17}},"126":{"start":{"line":127,"column":0},"end":{"line":127,"column":12}},"127":{"start":{"line":128,"column":0},"end":{"line":128,"column":14}},"128":{"start":{"line":129,"column":0},"end":{"line":129,"column":8}},"129":{"start":{"line":130,"column":0},"end":{"line":130,"column":37}},"130":{"start":{"line":131,"column":0},"end":{"line":131,"column":8}},"131":{"start":{"line":132,"column":0},"end":{"line":132,"column":61}},"132":{"start":{"line":133,"column":0},"end":{"line":133,"column":13}},"133":{"start":{"line":134,"column":0},"end":{"line":134,"column":38}},"134":{"start":{"line":135,"column":0},"end":{"line":135,"column":19}},"135":{"start":{"line":136,"column":0},"end":{"line":136,"column":31}},"136":{"start":{"line":137,"column":0},"end":{"line":137,"column":25}},"137":{"start":{"line":138,"column":0},"end":{"line":138,"column":27}},"138":{"start":{"line":139,"column":0},"end":{"line":139,"column":11}},"139":{"start":{"line":140,"column":0},"end":{"line":140,"column":54}},"140":{"start":{"line":141,"column":0},"end":{"line":141,"column":21}},"141":{"start":{"line":142,"column":0},"end":{"line":142,"column":23}},"142":{"start":{"line":143,"column":0},"end":{"line":143,"column":54}},"143":{"start":{"line":144,"column":0},"end":{"line":144,"column":21}},"144":{"start":{"line":145,"column":0},"end":{"line":145,"column":23}},"145":{"start":{"line":146,"column":0},"end":{"line":146,"column":0}},"146":{"start":{"line":147,"column":0},"end":{"line":147,"column":19}},"147":{"start":{"line":148,"column":0},"end":{"line":148,"column":21}},"148":{"start":{"line":149,"column":0},"end":{"line":149,"column":14}},"149":{"start":{"line":150,"column":0},"end":{"line":150,"column":13}},"150":{"start":{"line":151,"column":0},"end":{"line":151,"column":133}},"151":{"start":{"line":152,"column":0},"end":{"line":152,"column":65}},"152":{"start":{"line":153,"column":0},"end":{"line":153,"column":17}},"153":{"start":{"line":154,"column":0},"end":{"line":154,"column":19}},"154":{"start":{"line":155,"column":0},"end":{"line":155,"column":65}},"155":{"start":{"line":156,"column":0},"end":{"line":156,"column":17}},"156":{"start":{"line":157,"column":0},"end":{"line":157,"column":19}},"157":{"start":{"line":158,"column":0},"end":{"line":158,"column":14}},"158":{"start":{"line":159,"column":0},"end":{"line":159,"column":10}},"159":{"start":{"line":160,"column":0},"end":{"line":160,"column":0}},"160":{"start":{"line":161,"column":0},"end":{"line":161,"column":0}},"161":{"start":{"line":162,"column":0},"end":{"line":162,"column":60}},"162":{"start":{"line":163,"column":0},"end":{"line":163,"column":21}},"163":{"start":{"line":164,"column":0},"end":{"line":164,"column":36}},"164":{"start":{"line":165,"column":0},"end":{"line":165,"column":60}},"165":{"start":{"line":166,"column":0},"end":{"line":166,"column":80}},"166":{"start":{"line":167,"column":0},"end":{"line":167,"column":68}},"167":{"start":{"line":168,"column":0},"end":{"line":168,"column":72}},"168":{"start":{"line":169,"column":0},"end":{"line":169,"column":62}},"169":{"start":{"line":170,"column":0},"end":{"line":170,"column":60}},"170":{"start":{"line":171,"column":0},"end":{"line":171,"column":38}},"171":{"start":{"line":172,"column":0},"end":{"line":172,"column":97}},"172":{"start":{"line":173,"column":0},"end":{"line":173,"column":18}},"173":{"start":{"line":174,"column":0},"end":{"line":174,"column":61}},"174":{"start":{"line":175,"column":0},"end":{"line":175,"column":56}},"175":{"start":{"line":176,"column":0},"end":{"line":176,"column":18}},"176":{"start":{"line":177,"column":0},"end":{"line":177,"column":61}},"177":{"start":{"line":178,"column":0},"end":{"line":178,"column":59}},"178":{"start":{"line":179,"column":0},"end":{"line":179,"column":0}},"179":{"start":{"line":180,"column":0},"end":{"line":180,"column":32}},"180":{"start":{"line":181,"column":0},"end":{"line":181,"column":28}},"181":{"start":{"line":182,"column":0},"end":{"line":182,"column":128}},"182":{"start":{"line":183,"column":0},"end":{"line":183,"column":44}},"183":{"start":{"line":184,"column":0},"end":{"line":184,"column":104}},"184":{"start":{"line":185,"column":0},"end":{"line":185,"column":22}},"185":{"start":{"line":186,"column":0},"end":{"line":186,"column":89}},"186":{"start":{"line":187,"column":0},"end":{"line":187,"column":15}},"187":{"start":{"line":188,"column":0},"end":{"line":188,"column":0}},"188":{"start":{"line":189,"column":0},"end":{"line":189,"column":84}},"189":{"start":{"line":190,"column":0},"end":{"line":190,"column":24}},"190":{"start":{"line":191,"column":0},"end":{"line":191,"column":43}},"191":{"start":{"line":192,"column":0},"end":{"line":192,"column":19}},"192":{"start":{"line":193,"column":0},"end":{"line":193,"column":31}},"193":{"start":{"line":194,"column":0},"end":{"line":194,"column":154}},"194":{"start":{"line":195,"column":0},"end":{"line":195,"column":42}},"195":{"start":{"line":196,"column":0},"end":{"line":196,"column":31}},"196":{"start":{"line":197,"column":0},"end":{"line":197,"column":32}},"197":{"start":{"line":198,"column":0},"end":{"line":198,"column":58}},"198":{"start":{"line":199,"column":0},"end":{"line":199,"column":58}},"199":{"start":{"line":200,"column":0},"end":{"line":200,"column":20}},"200":{"start":{"line":201,"column":0},"end":{"line":201,"column":29}},"201":{"start":{"line":202,"column":0},"end":{"line":202,"column":18}},"202":{"start":{"line":203,"column":0},"end":{"line":203,"column":15}},"203":{"start":{"line":204,"column":0},"end":{"line":204,"column":82}},"204":{"start":{"line":205,"column":0},"end":{"line":205,"column":24}},"205":{"start":{"line":206,"column":0},"end":{"line":206,"column":45}},"206":{"start":{"line":207,"column":0},"end":{"line":207,"column":20}},"207":{"start":{"line":208,"column":0},"end":{"line":208,"column":32}},"208":{"start":{"line":209,"column":0},"end":{"line":209,"column":154}},"209":{"start":{"line":210,"column":0},"end":{"line":210,"column":41}},"210":{"start":{"line":211,"column":0},"end":{"line":211,"column":31}},"211":{"start":{"line":212,"column":0},"end":{"line":212,"column":32}},"212":{"start":{"line":213,"column":0},"end":{"line":213,"column":31}},"213":{"start":{"line":214,"column":0},"end":{"line":214,"column":37}},"214":{"start":{"line":215,"column":0},"end":{"line":215,"column":32}},"215":{"start":{"line":216,"column":0},"end":{"line":216,"column":58}},"216":{"start":{"line":217,"column":0},"end":{"line":217,"column":29}},"217":{"start":{"line":218,"column":0},"end":{"line":218,"column":18}},"218":{"start":{"line":219,"column":0},"end":{"line":219,"column":15}},"219":{"start":{"line":220,"column":0},"end":{"line":220,"column":15}},"220":{"start":{"line":221,"column":0},"end":{"line":221,"column":22}},"221":{"start":{"line":222,"column":0},"end":{"line":222,"column":16}},"222":{"start":{"line":223,"column":0},"end":{"line":223,"column":12}},"223":{"start":{"line":224,"column":0},"end":{"line":224,"column":0}},"224":{"start":{"line":225,"column":0},"end":{"line":225,"column":0}},"225":{"start":{"line":226,"column":0},"end":{"line":226,"column":36}},"226":{"start":{"line":227,"column":0},"end":{"line":227,"column":38}},"227":{"start":{"line":228,"column":0},"end":{"line":228,"column":15}},"228":{"start":{"line":229,"column":0},"end":{"line":229,"column":20}},"229":{"start":{"line":230,"column":0},"end":{"line":230,"column":32}},"230":{"start":{"line":231,"column":0},"end":{"line":231,"column":29}},"231":{"start":{"line":232,"column":0},"end":{"line":232,"column":26}},"232":{"start":{"line":233,"column":0},"end":{"line":233,"column":44}},"233":{"start":{"line":234,"column":0},"end":{"line":234,"column":32}},"234":{"start":{"line":235,"column":0},"end":{"line":235,"column":27}},"235":{"start":{"line":236,"column":0},"end":{"line":236,"column":31}},"236":{"start":{"line":237,"column":0},"end":{"line":237,"column":31}},"237":{"start":{"line":238,"column":0},"end":{"line":238,"column":14}},"238":{"start":{"line":239,"column":0},"end":{"line":239,"column":11}},"239":{"start":{"line":240,"column":0},"end":{"line":240,"column":63}},"240":{"start":{"line":241,"column":0},"end":{"line":241,"column":25}},"241":{"start":{"line":242,"column":0},"end":{"line":242,"column":95}},"242":{"start":{"line":243,"column":0},"end":{"line":243,"column":23}},"243":{"start":{"line":244,"column":0},"end":{"line":244,"column":50}},"244":{"start":{"line":245,"column":0},"end":{"line":245,"column":52}},"245":{"start":{"line":246,"column":0},"end":{"line":246,"column":39}},"246":{"start":{"line":247,"column":0},"end":{"line":247,"column":39}},"247":{"start":{"line":248,"column":0},"end":{"line":248,"column":21}},"248":{"start":{"line":249,"column":0},"end":{"line":249,"column":26}},"249":{"start":{"line":250,"column":0},"end":{"line":250,"column":41}},"250":{"start":{"line":251,"column":0},"end":{"line":251,"column":32}},"251":{"start":{"line":252,"column":0},"end":{"line":252,"column":34}},"252":{"start":{"line":253,"column":0},"end":{"line":253,"column":34}},"253":{"start":{"line":254,"column":0},"end":{"line":254,"column":35}},"254":{"start":{"line":255,"column":0},"end":{"line":255,"column":20}},"255":{"start":{"line":256,"column":0},"end":{"line":256,"column":17}},"256":{"start":{"line":257,"column":0},"end":{"line":257,"column":19}},"257":{"start":{"line":258,"column":0},"end":{"line":258,"column":25}},"258":{"start":{"line":259,"column":0},"end":{"line":259,"column":63}},"259":{"start":{"line":260,"column":0},"end":{"line":260,"column":20}},"260":{"start":{"line":261,"column":0},"end":{"line":261,"column":105}},"261":{"start":{"line":262,"column":0},"end":{"line":262,"column":99}},"262":{"start":{"line":263,"column":0},"end":{"line":263,"column":64}},"263":{"start":{"line":264,"column":0},"end":{"line":264,"column":83}},"264":{"start":{"line":265,"column":0},"end":{"line":265,"column":55}},"265":{"start":{"line":266,"column":0},"end":{"line":266,"column":27}},"266":{"start":{"line":267,"column":0},"end":{"line":267,"column":0}},"267":{"start":{"line":268,"column":0},"end":{"line":268,"column":17}},"268":{"start":{"line":269,"column":0},"end":{"line":269,"column":0}},"269":{"start":{"line":270,"column":0},"end":{"line":270,"column":27}},"270":{"start":{"line":271,"column":0},"end":{"line":271,"column":97}},"271":{"start":{"line":272,"column":0},"end":{"line":272,"column":25}},"272":{"start":{"line":273,"column":0},"end":{"line":273,"column":53}},"273":{"start":{"line":274,"column":0},"end":{"line":274,"column":54}},"274":{"start":{"line":275,"column":0},"end":{"line":275,"column":41}},"275":{"start":{"line":276,"column":0},"end":{"line":276,"column":41}},"276":{"start":{"line":277,"column":0},"end":{"line":277,"column":23}},"277":{"start":{"line":278,"column":0},"end":{"line":278,"column":28}},"278":{"start":{"line":279,"column":0},"end":{"line":279,"column":43}},"279":{"start":{"line":280,"column":0},"end":{"line":280,"column":34}},"280":{"start":{"line":281,"column":0},"end":{"line":281,"column":36}},"281":{"start":{"line":282,"column":0},"end":{"line":282,"column":36}},"282":{"start":{"line":283,"column":0},"end":{"line":283,"column":37}},"283":{"start":{"line":284,"column":0},"end":{"line":284,"column":22}},"284":{"start":{"line":285,"column":0},"end":{"line":285,"column":19}},"285":{"start":{"line":286,"column":0},"end":{"line":286,"column":21}},"286":{"start":{"line":287,"column":0},"end":{"line":287,"column":27}},"287":{"start":{"line":288,"column":0},"end":{"line":288,"column":18}},"288":{"start":{"line":289,"column":0},"end":{"line":289,"column":65}},"289":{"start":{"line":290,"column":0},"end":{"line":290,"column":22}},"290":{"start":{"line":291,"column":0},"end":{"line":291,"column":107}},"291":{"start":{"line":292,"column":0},"end":{"line":292,"column":101}},"292":{"start":{"line":293,"column":0},"end":{"line":293,"column":66}},"293":{"start":{"line":294,"column":0},"end":{"line":294,"column":85}},"294":{"start":{"line":295,"column":0},"end":{"line":295,"column":57}},"295":{"start":{"line":296,"column":0},"end":{"line":296,"column":26}},"296":{"start":{"line":297,"column":0},"end":{"line":297,"column":15}},"297":{"start":{"line":298,"column":0},"end":{"line":298,"column":17}},"298":{"start":{"line":299,"column":0},"end":{"line":299,"column":10}},"299":{"start":{"line":300,"column":0},"end":{"line":300,"column":12}},"300":{"start":{"line":301,"column":0},"end":{"line":301,"column":6}},"301":{"start":{"line":302,"column":0},"end":{"line":302,"column":3}},"302":{"start":{"line":303,"column":0},"end":{"line":303,"column":0}},"303":{"start":{"line":304,"column":0},"end":{"line":304,"column":23}},"304":{"start":{"line":305,"column":0},"end":{"line":305,"column":28}},"305":{"start":{"line":306,"column":0},"end":{"line":306,"column":61}},"306":{"start":{"line":307,"column":0},"end":{"line":307,"column":64}},"307":{"start":{"line":308,"column":0},"end":{"line":308,"column":3}},"308":{"start":{"line":309,"column":0},"end":{"line":309,"column":0}},"309":{"start":{"line":310,"column":0},"end":{"line":310,"column":26}},"310":{"start":{"line":311,"column":0},"end":{"line":311,"column":64}},"311":{"start":{"line":312,"column":0},"end":{"line":312,"column":67}},"312":{"start":{"line":313,"column":0},"end":{"line":313,"column":3}},"313":{"start":{"line":314,"column":0},"end":{"line":314,"column":1}},"314":{"start":{"line":315,"column":0},"end":{"line":315,"column":0}},"315":{"start":{"line":316,"column":0},"end":{"line":316,"column":19}}},"s":{"0":1,"1":1,"2":1,"3":1,"4":1,"5":1,"6":1,"7":1,"8":1,"9":1,"10":1,"11":1,"12":1,"13":1,"14":1,"15":1,"16":1,"17":1,"18":1,"19":1,"20":1,"21":1,"22":1,"23":1,"24":1,"25":1,"26":1,"27":1,"28":1,"29":1,"30":19,"31":19,"32":19,"33":19,"34":19,"35":19,"36":19,"37":19,"38":19,"39":19,"40":19,"41":19,"42":19,"43":19,"44":19,"45":19,"46":19,"47":19,"48":19,"49":19,"50":19,"51":19,"52":19,"53":19,"54":19,"55":19,"56":19,"57":19,"58":19,"59":19,"60":19,"61":19,"62":19,"63":19,"64":19,"65":19,"66":19,"67":19,"68":19,"69":19,"70":19,"71":6,"72":6,"73":6,"74":6,"75":6,"76":6,"77":6,"78":19,"79":19,"80":6,"81":6,"82":6,"83":6,"84":6,"85":6,"86":6,"87":19,"88":19,"89":19,"90":19,"91":19,"92":19,"93":19,"94":19,"95":19,"96":19,"97":3,"98":3,"99":3,"100":3,"101":3,"102":3,"103":19,"104":19,"105":19,"106":19,"107":19,"108":58,"109":58,"110":58,"111":58,"112":58,"113":58,"114":11,"115":11,"116":11,"117":11,"118":11,"119":11,"120":11,"121":11,"122":47,"123":47,"124":47,"125":47,"126":58,"127":58,"128":58,"129":58,"130":58,"131":58,"132":11,"133":11,"134":3,"135":3,"136":3,"137":3,"138":3,"139":3,"140":3,"141":3,"142":3,"143":3,"144":3,"145":3,"146":3,"147":8,"148":11,"149":47,"150":47,"151":47,"152":47,"153":47,"154":47,"155":47,"156":47,"157":47,"158":58,"159":58,"160":58,"161":58,"162":58,"163":58,"164":14964,"165":14964,"166":406,"167":116,"168":14964,"169":14964,"170":14964,"171":14964,"172":14964,"173":14964,"174":522,"175":14558,"176":14558,"177":116,"178":14964,"179":14964,"180":14964,"181":58,"182":14964,"183":464,"184":14906,"185":14442,"186":14442,"187":14964,"188":14964,"189":931,"190":931,"191":931,"192":931,"193":931,"194":931,"195":931,"196":931,"197":931,"198":931,"199":931,"200":931,"201":931,"202":931,"203":14964,"204":6375,"205":6375,"206":6375,"207":6375,"208":6375,"209":6375,"210":6375,"211":6375,"212":6375,"213":6375,"214":6375,"215":6375,"216":6375,"217":6375,"218":6375,"219":58,"220":58,"221":58,"222":58,"223":58,"224":58,"225":58,"226":58,"227":3,"228":3,"229":3,"230":3,"231":3,"232":3,"233":3,"234":3,"235":3,"236":3,"237":3,"238":3,"239":3,"240":1,"241":1,"242":1,"243":1,"244":1,"245":1,"246":1,"247":1,"248":1,"249":1,"250":1,"251":1,"252":1,"253":1,"254":1,"255":1,"256":1,"257":1,"258":1,"259":1,"260":1,"261":1,"262":1,"263":1,"264":1,"265":1,"266":2,"267":2,"268":2,"269":2,"270":2,"271":2,"272":2,"273":2,"274":1,"275":1,"276":1,"277":2,"278":2,"279":2,"280":2,"281":2,"282":2,"283":2,"284":2,"285":2,"286":2,"287":2,"288":2,"289":2,"290":2,"291":2,"292":2,"293":2,"294":2,"295":2,"296":3,"297":3,"298":58,"299":58,"300":58,"301":58,"302":19,"303":19,"304":19,"305":19,"306":19,"307":19,"308":19,"309":19,"310":19,"311":19,"312":19,"313":19,"314":1,"315":1},"branchMap":{"0":{"type":"branch","line":31,"loc":{"start":{"line":31,"column":0},"end":{"line":314,"column":1}},"locations":[{"start":{"line":31,"column":0},"end":{"line":314,"column":1}}]},"1":{"type":"branch","line":38,"loc":{"start":{"line":38,"column":2},"end":{"line":49,"column":3}},"locations":[{"start":{"line":38,"column":2},"end":{"line":49,"column":3}}]},"2":{"type":"branch","line":60,"loc":{"start":{"line":60,"column":21},"end":{"line":69,"column":4}},"locations":[{"start":{"line":60,"column":21},"end":{"line":69,"column":4}}]},"3":{"type":"branch","line":62,"loc":{"start":{"line":62,"column":43},"end":{"line":62,"column":93}},"locations":[{"start":{"line":62,"column":43},"end":{"line":62,"column":93}}]},"4":{"type":"branch","line":63,"loc":{"start":{"line":63,"column":43},"end":{"line":63,"column":76}},"locations":[{"start":{"line":63,"column":43},"end":{"line":63,"column":76}}]},"5":{"type":"branch","line":71,"loc":{"start":{"line":71,"column":21},"end":{"line":78,"column":4}},"locations":[{"start":{"line":71,"column":21},"end":{"line":78,"column":4}}]},"6":{"type":"branch","line":80,"loc":{"start":{"line":80,"column":21},"end":{"line":87,"column":4}},"locations":[{"start":{"line":80,"column":21},"end":{"line":87,"column":4}}]},"7":{"type":"branch","line":97,"loc":{"start":{"line":97,"column":15},"end":{"line":103,"column":3}},"locations":[{"start":{"line":97,"column":15},"end":{"line":103,"column":3}}]},"8":{"type":"branch","line":108,"loc":{"start":{"line":108,"column":2},"end":{"line":302,"column":3}},"locations":[{"start":{"line":108,"column":2},"end":{"line":302,"column":3}}]},"9":{"type":"branch","line":114,"loc":{"start":{"line":114,"column":22},"end":{"line":122,"column":21}},"locations":[{"start":{"line":114,"column":22},"end":{"line":122,"column":21}}]},"10":{"type":"branch","line":120,"loc":{"start":{"line":120,"column":56},"end":{"line":120,"column":76}},"locations":[{"start":{"line":120,"column":56},"end":{"line":120,"column":76}}]},"11":{"type":"branch","line":120,"loc":{"start":{"line":120,"column":66},"end":{"line":120,"column":84}},"locations":[{"start":{"line":120,"column":66},"end":{"line":120,"column":84}}]},"12":{"type":"branch","line":122,"loc":{"start":{"line":122,"column":12},"end":{"line":126,"column":17}},"locations":[{"start":{"line":122,"column":12},"end":{"line":126,"column":17}}]},"13":{"type":"branch","line":125,"loc":{"start":{"line":125,"column":52},"end":{"line":125,"column":72}},"locations":[{"start":{"line":125,"column":52},"end":{"line":125,"column":72}}]},"14":{"type":"branch","line":125,"loc":{"start":{"line":125,"column":62},"end":{"line":125,"column":80}},"locations":[{"start":{"line":125,"column":62},"end":{"line":125,"column":80}}]},"15":{"type":"branch","line":132,"loc":{"start":{"line":132,"column":21},"end":{"line":132,"column":61}},"locations":[{"start":{"line":132,"column":21},"end":{"line":132,"column":61}}]},"16":{"type":"branch","line":132,"loc":{"start":{"line":132,"column":46},"end":{"line":149,"column":14}},"locations":[{"start":{"line":132,"column":46},"end":{"line":149,"column":14}}]},"17":{"type":"branch","line":134,"loc":{"start":{"line":134,"column":22},"end":{"line":147,"column":19}},"locations":[{"start":{"line":134,"column":22},"end":{"line":147,"column":19}}]},"18":{"type":"branch","line":147,"loc":{"start":{"line":147,"column":10},"end":{"line":148,"column":21}},"locations":[{"start":{"line":147,"column":10},"end":{"line":148,"column":21}}]},"19":{"type":"branch","line":149,"loc":{"start":{"line":149,"column":8},"end":{"line":158,"column":14}},"locations":[{"start":{"line":149,"column":8},"end":{"line":158,"column":14}}]},"20":{"type":"branch","line":227,"loc":{"start":{"line":227,"column":20},"end":{"line":298,"column":17}},"locations":[{"start":{"line":227,"column":20},"end":{"line":298,"column":17}}]},"21":{"type":"branch","line":240,"loc":{"start":{"line":240,"column":25},"end":{"line":240,"column":63}},"locations":[{"start":{"line":240,"column":25},"end":{"line":240,"column":63}}]},"22":{"type":"branch","line":240,"loc":{"start":{"line":240,"column":50},"end":{"line":266,"column":27}},"locations":[{"start":{"line":240,"column":50},"end":{"line":266,"column":27}}]},"23":{"type":"branch","line":266,"loc":{"start":{"line":266,"column":12},"end":{"line":296,"column":26}},"locations":[{"start":{"line":266,"column":12},"end":{"line":296,"column":26}}]},"24":{"type":"branch","line":109,"loc":{"start":{"line":109,"column":16},"end":{"line":109,"column":69}},"locations":[{"start":{"line":109,"column":16},"end":{"line":109,"column":69}}]},"25":{"type":"branch","line":116,"loc":{"start":{"line":116,"column":58},"end":{"line":116,"column":139}},"locations":[{"start":{"line":116,"column":58},"end":{"line":116,"column":139}}]},"26":{"type":"branch","line":116,"loc":{"start":{"line":116,"column":78},"end":{"line":116,"column":136}},"locations":[{"start":{"line":116,"column":78},"end":{"line":116,"column":136}}]},"27":{"type":"branch","line":164,"loc":{"start":{"line":164,"column":24},"end":{"line":220,"column":13}},"locations":[{"start":{"line":164,"column":24},"end":{"line":220,"column":13}}]},"28":{"type":"branch","line":166,"loc":{"start":{"line":166,"column":76},"end":{"line":167,"column":68}},"locations":[{"start":{"line":166,"column":76},"end":{"line":167,"column":68}}]},"29":{"type":"branch","line":167,"loc":{"start":{"line":167,"column":64},"end":{"line":168,"column":72}},"locations":[{"start":{"line":167,"column":64},"end":{"line":168,"column":72}}]},"30":{"type":"branch","line":172,"loc":{"start":{"line":172,"column":51},"end":{"line":172,"column":97}},"locations":[{"start":{"line":172,"column":51},"end":{"line":172,"column":97}}]},"31":{"type":"branch","line":174,"loc":{"start":{"line":174,"column":57},"end":{"line":175,"column":56}},"locations":[{"start":{"line":174,"column":57},"end":{"line":175,"column":56}}]},"32":{"type":"branch","line":175,"loc":{"start":{"line":175,"column":54},"end":{"line":178,"column":59}},"locations":[{"start":{"line":175,"column":54},"end":{"line":178,"column":59}}]},"33":{"type":"branch","line":177,"loc":{"start":{"line":177,"column":57},"end":{"line":178,"column":59}},"locations":[{"start":{"line":177,"column":57},"end":{"line":178,"column":59}}]},"34":{"type":"branch","line":181,"loc":{"start":{"line":181,"column":27},"end":{"line":183,"column":25}},"locations":[{"start":{"line":181,"column":27},"end":{"line":183,"column":25}}]},"35":{"type":"branch","line":183,"loc":{"start":{"line":183,"column":14},"end":{"line":187,"column":15}},"locations":[{"start":{"line":183,"column":14},"end":{"line":187,"column":15}}]},"36":{"type":"branch","line":183,"loc":{"start":{"line":183,"column":43},"end":{"line":185,"column":21}},"locations":[{"start":{"line":183,"column":43},"end":{"line":185,"column":21}}]},"37":{"type":"branch","line":185,"loc":{"start":{"line":185,"column":14},"end":{"line":187,"column":15}},"locations":[{"start":{"line":185,"column":14},"end":{"line":187,"column":15}}]},"38":{"type":"branch","line":189,"loc":{"start":{"line":189,"column":36},"end":{"line":189,"column":83}},"locations":[{"start":{"line":189,"column":36},"end":{"line":189,"column":83}}]},"39":{"type":"branch","line":189,"loc":{"start":{"line":189,"column":83},"end":{"line":203,"column":15}},"locations":[{"start":{"line":189,"column":83},"end":{"line":203,"column":15}}]},"40":{"type":"branch","line":203,"loc":{"start":{"line":203,"column":14},"end":{"line":204,"column":47}},"locations":[{"start":{"line":203,"column":14},"end":{"line":204,"column":47}}]},"41":{"type":"branch","line":204,"loc":{"start":{"line":204,"column":36},"end":{"line":204,"column":81}},"locations":[{"start":{"line":204,"column":36},"end":{"line":204,"column":81}}]},"42":{"type":"branch","line":204,"loc":{"start":{"line":204,"column":81},"end":{"line":219,"column":15}},"locations":[{"start":{"line":204,"column":81},"end":{"line":219,"column":15}}]},"43":{"type":"branch","line":209,"loc":{"start":{"line":209,"column":90},"end":{"line":209,"column":154}},"locations":[{"start":{"line":209,"column":90},"end":{"line":209,"column":154}}]},"44":{"type":"branch","line":245,"loc":{"start":{"line":245,"column":27},"end":{"line":248,"column":21}},"locations":[{"start":{"line":245,"column":27},"end":{"line":248,"column":21}}]},"45":{"type":"branch","line":274,"loc":{"start":{"line":274,"column":29},"end":{"line":277,"column":23}},"locations":[{"start":{"line":274,"column":29},"end":{"line":277,"column":23}}]},"46":{"type":"branch","line":304,"loc":{"start":{"line":304,"column":2},"end":{"line":308,"column":3}},"locations":[{"start":{"line":304,"column":2},"end":{"line":308,"column":3}}]},"47":{"type":"branch","line":310,"loc":{"start":{"line":310,"column":2},"end":{"line":313,"column":3}},"locations":[{"start":{"line":310,"column":2},"end":{"line":313,"column":3}}]}},"b":{"0":[19],"1":[19],"2":[19],"3":[15],"4":[4],"5":[6],"6":[6],"7":[3],"8":[58],"9":[11],"10":[9],"11":[2],"12":[47],"13":[42],"14":[5],"15":[11],"16":[11],"17":[3],"18":[8],"19":[47],"20":[3],"21":[1],"22":[1],"23":[2],"24":[19310],"25":[3],"26":[3],"27":[14964],"28":[406],"29":[116],"30":[0],"31":[522],"32":[14558],"33":[116],"34":[58],"35":[14906],"36":[464],"37":[14442],"38":[7714],"39":[931],"40":[14033],"41":[7250],"42":[6375],"43":[3],"44":[1],"45":[1],"46":[19],"47":[19]},"fnMap":{"0":{"name":"<instance_members_initializer>","decl":{"start":{"line":31,"column":0},"end":{"line":314,"column":1}},"loc":{"start":{"line":31,"column":0},"end":{"line":314,"column":1}},"line":31},"1":{"name":"App","decl":{"start":{"line":38,"column":2},"end":{"line":49,"column":3}},"loc":{"start":{"line":38,"column":2},"end":{"line":49,"column":3}},"line":38},"2":{"name":"checkBrowserSize","decl":{"start":{"line":60,"column":21},"end":{"line":69,"column":4}},"loc":{"start":{"line":60,"column":21},"end":{"line":69,"column":4}},"line":60},"3":{"name":"handleInboxClick","decl":{"start":{"line":71,"column":21},"end":{"line":78,"column":4}},"loc":{"start":{"line":71,"column":21},"end":{"line":78,"column":4}},"line":71},"4":{"name":"handleTrashClick","decl":{"start":{"line":80,"column":21},"end":{"line":87,"column":4}},"loc":{"start":{"line":80,"column":21},"end":{"line":87,"column":4}},"line":80},"5":{"name":"changeDate","decl":{"start":{"line":97,"column":15},"end":{"line":103,"column":3}},"loc":{"start":{"line":97,"column":15},"end":{"line":103,"column":3}},"line":97},"6":{"name":"render","decl":{"start":{"line":108,"column":2},"end":{"line":302,"column":3}},"loc":{"start":{"line":108,"column":2},"end":{"line":302,"column":3}},"line":108},"7":{"name":"onClick","decl":{"start":{"line":116,"column":58},"end":{"line":116,"column":139}},"loc":{"start":{"line":116,"column":58},"end":{"line":116,"column":139}},"line":116},"8":{"name":"onClick","decl":{"start":{"line":194,"column":90},"end":{"line":194,"column":154}},"loc":{"start":{"line":194,"column":90},"end":{"line":194,"column":154}},"line":194},"9":{"name":"onClick","decl":{"start":{"line":209,"column":90},"end":{"line":209,"column":154}},"loc":{"start":{"line":209,"column":90},"end":{"line":209,"column":154}},"line":209},"10":{"name":"onClick","decl":{"start":{"line":245,"column":27},"end":{"line":248,"column":21}},"loc":{"start":{"line":245,"column":27},"end":{"line":248,"column":21}},"line":245},"11":{"name":"onClick","decl":{"start":{"line":274,"column":29},"end":{"line":277,"column":23}},"loc":{"start":{"line":274,"column":29},"end":{"line":277,"column":23}},"line":274},"12":{"name":"componentDidMount","decl":{"start":{"line":304,"column":2},"end":{"line":308,"column":3}},"loc":{"start":{"line":304,"column":2},"end":{"line":308,"column":3}},"line":304},"13":{"name":"componentWillUnmount","decl":{"start":{"line":310,"column":2},"end":{"line":313,"column":3}},"loc":{"start":{"line":310,"column":2},"end":{"line":313,"column":3}},"line":310}},"f":{"0":19,"1":19,"2":19,"3":6,"4":6,"5":3,"6":58,"7":3,"8":0,"9":3,"10":1,"11":1,"12":19,"13":19}}
,"C:\\Users\\vtliu\\Desktop\\CSE186\\Assignment 5\\src\\data\\loader.js": {"path":"C:\\Users\\vtliu\\Desktop\\CSE186\\Assignment 5\\src\\data\\loader.js","all":false,"statementMap":{"0":{"start":{"line":1,"column":0},"end":{"line":1,"column":2}},"1":{"start":{"line":2,"column":0},"end":{"line":2,"column":65}},"2":{"start":{"line":3,"column":0},"end":{"line":3,"column":2}},"3":{"start":{"line":4,"column":0},"end":{"line":4,"column":68}},"4":{"start":{"line":5,"column":0},"end":{"line":5,"column":58}},"5":{"start":{"line":6,"column":0},"end":{"line":6,"column":3}},"6":{"start":{"line":7,"column":0},"end":{"line":7,"column":0}},"7":{"start":{"line":8,"column":0},"end":{"line":8,"column":74}},"8":{"start":{"line":9,"column":0},"end":{"line":9,"column":2}},"9":{"start":{"line":10,"column":0},"end":{"line":10,"column":72}},"10":{"start":{"line":11,"column":0},"end":{"line":11,"column":2}},"11":{"start":{"line":12,"column":0},"end":{"line":12,"column":74}},"12":{"start":{"line":13,"column":0},"end":{"line":13,"column":0}},"13":{"start":{"line":14,"column":0},"end":{"line":14,"column":35}},"14":{"start":{"line":15,"column":0},"end":{"line":15,"column":0}},"15":{"start":{"line":16,"column":0},"end":{"line":16,"column":3}},"16":{"start":{"line":17,"column":0},"end":{"line":17,"column":37}},"17":{"start":{"line":18,"column":0},"end":{"line":18,"column":57}},"18":{"start":{"line":19,"column":0},"end":{"line":19,"column":3}},"19":{"start":{"line":20,"column":0},"end":{"line":20,"column":28}},"20":{"start":{"line":21,"column":0},"end":{"line":21,"column":57}},"21":{"start":{"line":22,"column":0},"end":{"line":22,"column":1}},"22":{"start":{"line":23,"column":0},"end":{"line":23,"column":0}},"23":{"start":{"line":24,"column":0},"end":{"line":24,"column":3}},"24":{"start":{"line":25,"column":0},"end":{"line":25,"column":40}},"25":{"start":{"line":26,"column":0},"end":{"line":26,"column":3}},"26":{"start":{"line":27,"column":0},"end":{"line":27,"column":30}},"27":{"start":{"line":28,"column":0},"end":{"line":28,"column":26}},"28":{"start":{"line":29,"column":0},"end":{"line":29,"column":19}},"29":{"start":{"line":30,"column":0},"end":{"line":30,"column":22}},"30":{"start":{"line":31,"column":0},"end":{"line":31,"column":14}},"31":{"start":{"line":32,"column":0},"end":{"line":32,"column":1}},"32":{"start":{"line":33,"column":0},"end":{"line":33,"column":0}},"33":{"start":{"line":34,"column":0},"end":{"line":34,"column":3}},"34":{"start":{"line":35,"column":0},"end":{"line":35,"column":46}},"35":{"start":{"line":36,"column":0},"end":{"line":36,"column":3}},"36":{"start":{"line":37,"column":0},"end":{"line":37,"column":22}},"37":{"start":{"line":38,"column":0},"end":{"line":38,"column":26}},"38":{"start":{"line":39,"column":0},"end":{"line":39,"column":35}},"39":{"start":{"line":40,"column":0},"end":{"line":40,"column":33}},"40":{"start":{"line":41,"column":0},"end":{"line":41,"column":24}},"41":{"start":{"line":42,"column":0},"end":{"line":42,"column":1}},"42":{"start":{"line":43,"column":0},"end":{"line":43,"column":0}},"43":{"start":{"line":44,"column":0},"end":{"line":44,"column":3}},"44":{"start":{"line":45,"column":0},"end":{"line":45,"column":32}},"45":{"start":{"line":46,"column":0},"end":{"line":46,"column":3}},"46":{"start":{"line":47,"column":0},"end":{"line":47,"column":21}},"47":{"start":{"line":48,"column":0},"end":{"line":48,"column":26}},"48":{"start":{"line":49,"column":0},"end":{"line":49,"column":33}},"49":{"start":{"line":50,"column":0},"end":{"line":50,"column":24}},"50":{"start":{"line":51,"column":0},"end":{"line":51,"column":1}},"51":{"start":{"line":52,"column":0},"end":{"line":52,"column":0}},"52":{"start":{"line":53,"column":0},"end":{"line":53,"column":19}},"53":{"start":{"line":54,"column":0},"end":{"line":54,"column":0}},"54":{"start":{"line":55,"column":0},"end":{"line":55,"column":3}},"55":{"start":{"line":56,"column":0},"end":{"line":56,"column":61}},"56":{"start":{"line":57,"column":0},"end":{"line":57,"column":20}},"57":{"start":{"line":58,"column":0},"end":{"line":58,"column":3}},"58":{"start":{"line":59,"column":0},"end":{"line":59,"column":19}},"59":{"start":{"line":60,"column":0},"end":{"line":60,"column":15}},"60":{"start":{"line":61,"column":0},"end":{"line":61,"column":11}},"61":{"start":{"line":62,"column":0},"end":{"line":62,"column":3}},"62":{"start":{"line":63,"column":0},"end":{"line":63,"column":16}},"63":{"start":{"line":64,"column":0},"end":{"line":64,"column":0}},"64":{"start":{"line":65,"column":0},"end":{"line":65,"column":27}},"65":{"start":{"line":66,"column":0},"end":{"line":66,"column":0}},"66":{"start":{"line":67,"column":0},"end":{"line":67,"column":15}},"67":{"start":{"line":68,"column":0},"end":{"line":68,"column":13}},"68":{"start":{"line":69,"column":0},"end":{"line":69,"column":52}},"69":{"start":{"line":70,"column":0},"end":{"line":70,"column":54}},"70":{"start":{"line":71,"column":0},"end":{"line":71,"column":37}},"71":{"start":{"line":72,"column":0},"end":{"line":72,"column":47}},"72":{"start":{"line":73,"column":0},"end":{"line":73,"column":21}},"73":{"start":{"line":74,"column":0},"end":{"line":74,"column":5}},"74":{"start":{"line":75,"column":0},"end":{"line":75,"column":0}},"75":{"start":{"line":76,"column":0},"end":{"line":76,"column":15}},"76":{"start":{"line":77,"column":0},"end":{"line":77,"column":13}},"77":{"start":{"line":78,"column":0},"end":{"line":78,"column":52}},"78":{"start":{"line":79,"column":0},"end":{"line":79,"column":65}},"79":{"start":{"line":80,"column":0},"end":{"line":80,"column":42}},"80":{"start":{"line":81,"column":0},"end":{"line":81,"column":38}},"81":{"start":{"line":82,"column":0},"end":{"line":82,"column":21}},"82":{"start":{"line":83,"column":0},"end":{"line":83,"column":5}},"83":{"start":{"line":84,"column":0},"end":{"line":84,"column":0}},"84":{"start":{"line":85,"column":0},"end":{"line":85,"column":15}},"85":{"start":{"line":86,"column":0},"end":{"line":86,"column":13}},"86":{"start":{"line":87,"column":0},"end":{"line":87,"column":52}},"87":{"start":{"line":88,"column":0},"end":{"line":88,"column":57}},"88":{"start":{"line":89,"column":0},"end":{"line":89,"column":43}},"89":{"start":{"line":90,"column":0},"end":{"line":90,"column":39}},"90":{"start":{"line":91,"column":0},"end":{"line":91,"column":21}},"91":{"start":{"line":92,"column":0},"end":{"line":92,"column":5}},"92":{"start":{"line":93,"column":0},"end":{"line":93,"column":1}},"93":{"start":{"line":94,"column":0},"end":{"line":94,"column":0}},"94":{"start":{"line":95,"column":0},"end":{"line":95,"column":22}}},"s":{"0":1,"1":1,"2":1,"3":1,"4":1,"5":1,"6":1,"7":1,"8":1,"9":1,"10":1,"11":1,"12":1,"13":1,"14":1,"15":1,"16":1,"17":1,"18":1,"19":9,"20":9,"21":9,"22":1,"23":1,"24":1,"25":1,"26":3,"27":3,"28":3,"29":3,"30":3,"31":3,"32":1,"33":1,"34":1,"35":1,"36":3,"37":3,"38":3,"39":3,"40":3,"41":3,"42":1,"43":1,"44":1,"45":1,"46":3,"47":3,"48":3,"49":3,"50":3,"51":1,"52":1,"53":1,"54":1,"55":1,"56":1,"57":1,"58":6,"59":6,"60":3,"61":3,"62":3,"63":3,"64":3,"65":3,"66":3,"67":3,"68":3,"69":3,"70":3,"71":3,"72":3,"73":3,"74":3,"75":3,"76":3,"77":3,"78":3,"79":3,"80":3,"81":3,"82":3,"83":3,"84":3,"85":3,"86":3,"87":3,"88":3,"89":3,"90":3,"91":3,"92":3,"93":1,"94":1},"branchMap":{"0":{"type":"branch","line":20,"loc":{"start":{"line":20,"column":0},"end":{"line":22,"column":1}},"locations":[{"start":{"line":20,"column":0},"end":{"line":22,"column":1}}]},"1":{"type":"branch","line":27,"loc":{"start":{"line":27,"column":0},"end":{"line":32,"column":1}},"locations":[{"start":{"line":27,"column":0},"end":{"line":32,"column":1}}]},"2":{"type":"branch","line":37,"loc":{"start":{"line":37,"column":0},"end":{"line":42,"column":1}},"locations":[{"start":{"line":37,"column":0},"end":{"line":42,"column":1}}]},"3":{"type":"branch","line":47,"loc":{"start":{"line":47,"column":0},"end":{"line":51,"column":1}},"locations":[{"start":{"line":47,"column":0},"end":{"line":51,"column":1}}]},"4":{"type":"branch","line":59,"loc":{"start":{"line":59,"column":0},"end":{"line":93,"column":1}},"locations":[{"start":{"line":59,"column":0},"end":{"line":93,"column":1}}]},"5":{"type":"branch","line":60,"loc":{"start":{"line":60,"column":14},"end":{"line":93,"column":1}},"locations":[{"start":{"line":60,"column":14},"end":{"line":93,"column":1}}]}},"b":{"0":[9],"1":[3],"2":[3],"3":[3],"4":[6],"5":[3]},"fnMap":{"0":{"name":"trimSeconds","decl":{"start":{"line":20,"column":0},"end":{"line":22,"column":1}},"loc":{"start":{"line":20,"column":0},"end":{"line":22,"column":1}},"line":20},"1":{"name":"halfPastNineToday","decl":{"start":{"line":27,"column":0},"end":{"line":32,"column":1}},"loc":{"start":{"line":27,"column":0},"end":{"line":32,"column":1}},"line":27},"2":{"name":"lastMonth","decl":{"start":{"line":37,"column":0},"end":{"line":42,"column":1}},"loc":{"start":{"line":37,"column":0},"end":{"line":42,"column":1}},"line":37},"3":{"name":"lastWeek","decl":{"start":{"line":47,"column":0},"end":{"line":51,"column":1}},"loc":{"start":{"line":47,"column":0},"end":{"line":51,"column":1}},"line":47},"4":{"name":"loader","decl":{"start":{"line":59,"column":0},"end":{"line":93,"column":1}},"loc":{"start":{"line":59,"column":0},"end":{"line":93,"column":1}},"line":59}},"f":{"0":9,"1":3,"2":3,"3":3,"4":6}}
}
