{"C:\\Users\\vtliu\\Desktop\\CSE186\\Assignment 6\\src\\app.js": {"path":"C:\\Users\\vtliu\\Desktop\\CSE186\\Assignment 6\\src\\app.js","statementMap":{"0":{"start":{"line":1,"column":14},"end":{"line":1,"column":32}},"1":{"start":{"line":3,"column":16},"end":{"line":3,"column":34}},"2":{"start":{"line":4,"column":13},"end":{"line":4,"column":31}},"3":{"start":{"line":5,"column":18},"end":{"line":5,"column":47}},"4":{"start":{"line":6,"column":11},"end":{"line":6,"column":24}},"5":{"start":{"line":7,"column":13},"end":{"line":7,"column":28}},"6":{"start":{"line":8,"column":25},"end":{"line":8,"column":61}},"7":{"start":{"line":10,"column":12},"end":{"line":10,"column":21}},"8":{"start":{"line":11,"column":0},"end":{"line":11,"column":24}},"9":{"start":{"line":12,"column":0},"end":{"line":12,"column":47}},"10":{"start":{"line":14,"column":16},"end":{"line":14,"column":59}},"11":{"start":{"line":16,"column":15},"end":{"line":16,"column":58}},"12":{"start":{"line":17,"column":0},"end":{"line":17,"column":66}},"13":{"start":{"line":19,"column":0},"end":{"line":25,"column":2}},"14":{"start":{"line":28,"column":0},"end":{"line":28,"column":34}},"15":{"start":{"line":29,"column":0},"end":{"line":29,"column":39}},"16":{"start":{"line":30,"column":0},"end":{"line":30,"column":33}},"17":{"start":{"line":31,"column":0},"end":{"line":31,"column":35}},"18":{"start":{"line":33,"column":0},"end":{"line":39,"column":3}},"19":{"start":{"line":34,"column":2},"end":{"line":38,"column":5}},"20":{"start":{"line":41,"column":0},"end":{"line":41,"column":21}}},"fnMap":{"0":{"name":"(anonymous_0)","decl":{"start":{"line":33,"column":8},"end":{"line":33,"column":9}},"loc":{"start":{"line":33,"column":33},"end":{"line":39,"column":1}},"line":33}},"branchMap":{},"s":{"0":2,"1":2,"2":2,"3":2,"4":2,"5":2,"6":2,"7":2,"8":2,"9":2,"10":2,"11":2,"12":2,"13":2,"14":2,"15":2,"16":2,"17":2,"18":2,"19":5,"20":2},"f":{"0":5},"b":{},"_coverageSchema":"1a1c01bbd47fc00a2c39e90264f33305004495a9","hash":"189e702dab0f748f0899d7c1e2d1f01ba549de5e"}
,"C:\\Users\\vtliu\\Desktop\\CSE186\\Assignment 6\\src\\email.js": {"path":"C:\\Users\\vtliu\\Desktop\\CSE186\\Assignment 6\\src\\email.js","statementMap":{"0":{"start":{"line":9,"column":21},"end":{"line":9,"column":36}},"1":{"start":{"line":10,"column":11},"end":{"line":10,"column":24}},"2":{"start":{"line":12,"column":0},"end":{"line":54,"column":2}},"3":{"start":{"line":13,"column":19},"end":{"line":13,"column":34}},"4":{"start":{"line":14,"column":14},"end":{"line":14,"column":16}},"5":{"start":{"line":15,"column":2},"end":{"line":15,"column":31}},"6":{"start":{"line":16,"column":2},"end":{"line":49,"column":3}},"7":{"start":{"line":16,"column":15},"end":{"line":16,"column":16}},"8":{"start":{"line":17,"column":4},"end":{"line":17,"column":20}},"9":{"start":{"line":18,"column":20},"end":{"line":18,"column":47}},"10":{"start":{"line":19,"column":4},"end":{"line":48,"column":5}},"11":{"start":{"line":20,"column":19},"end":{"line":30,"column":8}},"12":{"start":{"line":21,"column":8},"end":{"line":29,"column":10}},"13":{"start":{"line":31,"column":21},"end":{"line":31,"column":62}},"14":{"start":{"line":32,"column":6},"end":{"line":32,"column":42}},"15":{"start":{"line":34,"column":6},"end":{"line":47,"column":7}},"16":{"start":{"line":35,"column":21},"end":{"line":45,"column":10}},"17":{"start":{"line":36,"column":10},"end":{"line":44,"column":12}},"18":{"start":{"line":46,"column":8},"end":{"line":46,"column":58}},"19":{"start":{"line":50,"column":2},"end":{"line":52,"column":3}},"20":{"start":{"line":51,"column":4},"end":{"line":51,"column":34}},"21":{"start":{"line":53,"column":2},"end":{"line":53,"column":35}},"22":{"start":{"line":56,"column":0},"end":{"line":68,"column":2}},"23":{"start":{"line":57,"column":19},"end":{"line":57,"column":34}},"24":{"start":{"line":58,"column":2},"end":{"line":58,"column":31}},"25":{"start":{"line":59,"column":2},"end":{"line":66,"column":3}},"26":{"start":{"line":59,"column":15},"end":{"line":59,"column":16}},"27":{"start":{"line":60,"column":4},"end":{"line":60,"column":20}},"28":{"start":{"line":61,"column":20},"end":{"line":61,"column":47}},"29":{"start":{"line":62,"column":23},"end":{"line":62,"column":74}},"30":{"start":{"line":62,"column":47},"end":{"line":62,"column":73}},"31":{"start":{"line":63,"column":4},"end":{"line":65,"column":5}},"32":{"start":{"line":64,"column":6},"end":{"line":64,"column":46}},"33":{"start":{"line":67,"column":2},"end":{"line":67,"column":32}},"34":{"start":{"line":70,"column":0},"end":{"line":83,"column":2}},"35":{"start":{"line":71,"column":15},"end":{"line":71,"column":43}},"36":{"start":{"line":72,"column":16},"end":{"line":72,"column":24}},"37":{"start":{"line":73,"column":13},"end":{"line":73,"column":21}},"38":{"start":{"line":74,"column":16},"end":{"line":74,"column":20}},"39":{"start":{"line":75,"column":19},"end":{"line":75,"column":62}},"40":{"start":{"line":76,"column":15},"end":{"line":76,"column":25}},"41":{"start":{"line":77,"column":19},"end":{"line":77,"column":50}},"42":{"start":{"line":78,"column":20},"end":{"line":78,"column":61}},"43":{"start":{"line":80,"column":4},"end":{"line":80,"column":60}},"44":{"start":{"line":81,"column":2},"end":{"line":81,"column":26}},"45":{"start":{"line":82,"column":2},"end":{"line":82,"column":37}},"46":{"start":{"line":85,"column":0},"end":{"line":121,"column":2}},"47":{"start":{"line":86,"column":19},"end":{"line":86,"column":34}},"48":{"start":{"line":87,"column":2},"end":{"line":87,"column":31}},"49":{"start":{"line":88,"column":2},"end":{"line":102,"column":3}},"50":{"start":{"line":88,"column":15},"end":{"line":88,"column":16}},"51":{"start":{"line":89,"column":4},"end":{"line":89,"column":20}},"52":{"start":{"line":90,"column":20},"end":{"line":90,"column":47}},"53":{"start":{"line":91,"column":17},"end":{"line":91,"column":68}},"54":{"start":{"line":91,"column":41},"end":{"line":91,"column":67}},"55":{"start":{"line":92,"column":18},"end":{"line":92,"column":74}},"56":{"start":{"line":92,"column":47},"end":{"line":92,"column":73}},"57":{"start":{"line":93,"column":4},"end":{"line":101,"column":5}},"58":{"start":{"line":94,"column":6},"end":{"line":96,"column":7}},"59":{"start":{"line":95,"column":8},"end":{"line":95,"column":38}},"60":{"start":{"line":97,"column":26},"end":{"line":97,"column":53}},"61":{"start":{"line":98,"column":22},"end":{"line":98,"column":61}},"62":{"start":{"line":99,"column":6},"end":{"line":99,"column":32}},"63":{"start":{"line":100,"column":6},"end":{"line":100,"column":47}},"64":{"start":{"line":120,"column":2},"end":{"line":120,"column":32}},"65":{"start":{"line":127,"column":16},"end":{"line":127,"column":18}},"66":{"start":{"line":128,"column":20},"end":{"line":128,"column":53}},"67":{"start":{"line":129,"column":2},"end":{"line":132,"column":3}},"68":{"start":{"line":129,"column":15},"end":{"line":129,"column":16}},"69":{"start":{"line":130,"column":16},"end":{"line":130,"column":49}},"70":{"start":{"line":131,"column":4},"end":{"line":131,"column":30}},"71":{"start":{"line":133,"column":2},"end":{"line":133,"column":15}}},"fnMap":{"0":{"name":"(anonymous_0)","decl":{"start":{"line":12,"column":16},"end":{"line":12,"column":17}},"loc":{"start":{"line":12,"column":35},"end":{"line":54,"column":1}},"line":12},"1":{"name":"(anonymous_1)","decl":{"start":{"line":20,"column":31},"end":{"line":20,"column":32}},"loc":{"start":{"line":20,"column":42},"end":{"line":30,"column":7}},"line":20},"2":{"name":"(anonymous_2)","decl":{"start":{"line":35,"column":33},"end":{"line":35,"column":34}},"loc":{"start":{"line":35,"column":44},"end":{"line":45,"column":9}},"line":35},"3":{"name":"(anonymous_3)","decl":{"start":{"line":56,"column":18},"end":{"line":56,"column":19}},"loc":{"start":{"line":56,"column":38},"end":{"line":68,"column":1}},"line":56},"4":{"name":"(anonymous_4)","decl":{"start":{"line":62,"column":36},"end":{"line":62,"column":37}},"loc":{"start":{"line":62,"column":47},"end":{"line":62,"column":73}},"line":62},"5":{"name":"(anonymous_5)","decl":{"start":{"line":70,"column":15},"end":{"line":70,"column":16}},"loc":{"start":{"line":70,"column":35},"end":{"line":83,"column":1}},"line":70},"6":{"name":"(anonymous_6)","decl":{"start":{"line":85,"column":14},"end":{"line":85,"column":15}},"loc":{"start":{"line":85,"column":34},"end":{"line":121,"column":1}},"line":85},"7":{"name":"(anonymous_7)","decl":{"start":{"line":91,"column":30},"end":{"line":91,"column":31}},"loc":{"start":{"line":91,"column":41},"end":{"line":91,"column":67}},"line":91},"8":{"name":"(anonymous_8)","decl":{"start":{"line":92,"column":36},"end":{"line":92,"column":37}},"loc":{"start":{"line":92,"column":47},"end":{"line":92,"column":73}},"line":92},"9":{"name":"include","decl":{"start":{"line":126,"column":15},"end":{"line":126,"column":22}},"loc":{"start":{"line":126,"column":25},"end":{"line":135,"column":1}},"line":126}},"branchMap":{"0":{"loc":{"start":{"line":19,"column":4},"end":{"line":48,"column":5}},"type":"if","locations":[{"start":{"line":19,"column":4},"end":{"line":48,"column":5}},{"start":{"line":33,"column":11},"end":{"line":48,"column":5}}],"line":19},"1":{"loc":{"start":{"line":34,"column":6},"end":{"line":47,"column":7}},"type":"if","locations":[{"start":{"line":34,"column":6},"end":{"line":47,"column":7}},{"start":{},"end":{}}],"line":34},"2":{"loc":{"start":{"line":50,"column":2},"end":{"line":52,"column":3}},"type":"if","locations":[{"start":{"line":50,"column":2},"end":{"line":52,"column":3}},{"start":{},"end":{}}],"line":50},"3":{"loc":{"start":{"line":63,"column":4},"end":{"line":65,"column":5}},"type":"if","locations":[{"start":{"line":63,"column":4},"end":{"line":65,"column":5}},{"start":{},"end":{}}],"line":63},"4":{"loc":{"start":{"line":93,"column":4},"end":{"line":101,"column":5}},"type":"if","locations":[{"start":{"line":93,"column":4},"end":{"line":101,"column":5}},{"start":{},"end":{}}],"line":93},"5":{"loc":{"start":{"line":93,"column":8},"end":{"line":93,"column":75}},"type":"binary-expr","locations":[{"start":{"line":93,"column":8},"end":{"line":93,"column":12}},{"start":{"line":93,"column":17},"end":{"line":93,"column":28}},{"start":{"line":93,"column":33},"end":{"line":93,"column":75}}],"line":93},"6":{"loc":{"start":{"line":94,"column":6},"end":{"line":96,"column":7}},"type":"if","locations":[{"start":{"line":94,"column":6},"end":{"line":96,"column":7}},{"start":{},"end":{}}],"line":94},"7":{"loc":{"start":{"line":94,"column":10},"end":{"line":94,"column":58}},"type":"binary-expr","locations":[{"start":{"line":94,"column":10},"end":{"line":94,"column":38}},{"start":{"line":94,"column":42},"end":{"line":94,"column":58}}],"line":94}},"s":{"0":2,"1":2,"2":2,"3":6,"4":6,"5":6,"6":6,"7":6,"8":15,"9":15,"10":15,"11":3,"12":300,"13":3,"14":3,"15":12,"16":6,"17":600,"18":6,"19":3,"20":1,"21":2,"22":2,"23":2,"24":2,"25":2,"26":2,"27":6,"28":6,"29":6,"30":588,"31":6,"32":1,"33":1,"34":2,"35":1,"36":1,"37":1,"38":1,"39":1,"40":1,"41":1,"42":1,"43":1,"44":1,"45":1,"46":2,"47":3,"48":3,"49":3,"50":3,"51":5,"52":5,"53":5,"54":405,"55":5,"56":405,"57":5,"58":2,"59":1,"60":1,"61":1,"62":1,"63":1,"64":1,"65":11,"66":11,"67":11,"68":11,"69":33,"70":33,"71":11},"f":{"0":6,"1":300,"2":600,"3":2,"4":588,"5":1,"6":3,"7":405,"8":405,"9":11},"b":{"0":[3,12],"1":[6,6],"2":[1,2],"3":[1,5],"4":[2,3],"5":[5,2,2],"6":[1,1],"7":[2,1]},"_coverageSchema":"1a1c01bbd47fc00a2c39e90264f33305004495a9","hash":"d2e32d8997ce509b1284ac91b4da871449e780c7"}
}
