TN:
SF:src\app.js
FN:33,(anonymous_0)
FNF:1
FNH:1
FNDA:5,(anonymous_0)
DA:1,2
DA:3,2
DA:4,2
DA:5,2
DA:6,2
DA:7,2
DA:8,2
DA:10,2
DA:11,2
DA:12,2
DA:14,2
DA:16,2
DA:17,2
DA:19,2
DA:28,2
DA:29,2
DA:30,2
DA:31,2
DA:33,2
DA:34,5
DA:41,2
LF:21
LH:21
BRF:0
BRH:0
end_of_record
TN:
SF:src\email.js
FN:12,(anonymous_0)
FN:20,(anonymous_1)
FN:35,(anonymous_2)
FN:56,(anonymous_3)
FN:62,(anonymous_4)
FN:70,(anonymous_5)
FN:85,(anonymous_6)
FN:91,(anonymous_7)
FN:92,(anonymous_8)
FN:126,include
FNF:10
FNH:10
FNDA:6,(anonymous_0)
FNDA:300,(anonymous_1)
FNDA:600,(anonymous_2)
FNDA:2,(anonymous_3)
FNDA:588,(anonymous_4)
FNDA:1,(anonymous_5)
FNDA:3,(anonymous_6)
FNDA:405,(anonymous_7)
FNDA:405,(anonymous_8)
FNDA:11,include
DA:9,2
DA:10,2
DA:12,2
DA:13,6
DA:14,6
DA:15,6
DA:16,6
DA:17,15
DA:18,15
DA:19,15
DA:20,3
DA:21,300
DA:31,3
DA:32,3
DA:34,12
DA:35,6
DA:36,600
DA:46,6
DA:50,3
DA:51,1
DA:53,2
DA:56,2
DA:57,2
DA:58,2
DA:59,2
DA:60,6
DA:61,6
DA:62,588
DA:63,6
DA:64,1
DA:67,1
DA:70,2
DA:71,1
DA:72,1
DA:73,1
DA:74,1
DA:75,1
DA:76,1
DA:77,1
DA:78,1
DA:80,1
DA:81,1
DA:82,1
DA:85,2
DA:86,3
DA:87,3
DA:88,3
DA:89,5
DA:90,5
DA:91,405
DA:92,405
DA:93,5
DA:94,2
DA:95,1
DA:97,1
DA:98,1
DA:99,1
DA:100,1
DA:120,1
DA:127,11
DA:128,11
DA:129,11
DA:130,33
DA:131,33
DA:133,11
LF:65
LH:65
BRDA:19,0,0,3
BRDA:19,0,1,12
BRDA:34,1,0,6
BRDA:34,1,1,6
BRDA:50,2,0,1
BRDA:50,2,1,2
BRDA:63,3,0,1
BRDA:63,3,1,5
BRDA:93,4,0,2
BRDA:93,4,1,3
BRDA:93,5,0,5
BRDA:93,5,1,2
BRDA:93,5,2,2
BRDA:94,6,0,1
BRDA:94,6,1,1
BRDA:94,7,0,2
BRDA:94,7,1,1
BRF:17
BRH:17
end_of_record
