<?xml version="1.0" encoding="UTF-8"?>
<coverage generated="1688592959263" clover="3.2.0">
  <project timestamp="1688592959263" name="All files">
    <metrics statements="18" coveredstatements="18" conditionals="10" coveredconditionals="10" methods="2" coveredmethods="2" elements="30" coveredelements="30" complexity="0" loc="18" ncloc="18" packages="1" files="1" classes="1"/>
    <file name="templater.js" path="C:\Users\vtliu\Desktop\CSE186\Assignment 2\templater.js">
      <metrics statements="18" coveredstatements="18" conditionals="10" coveredconditionals="10" methods="2" coveredmethods="2"/>
      <line num="11" count="18" type="stmt"/>
      <line num="25" count="18" type="cond" truecount="2" falsecount="0"/>
      <line num="26" count="2" type="stmt"/>
      <line num="28" count="16" type="stmt"/>
      <line num="29" count="16" type="stmt"/>
      <line num="30" count="16" type="stmt"/>
      <line num="31" count="35" type="stmt"/>
      <line num="32" count="35" type="stmt"/>
      <line num="33" count="35" type="cond" truecount="4" falsecount="0"/>
      <line num="34" count="1" type="stmt"/>
      <line num="36" count="34" type="stmt"/>
      <line num="38" count="15" type="stmt"/>
      <line num="39" count="15" type="cond" truecount="4" falsecount="0"/>
      <line num="40" count="1" type="stmt"/>
      <line num="42" count="14" type="stmt"/>
      <line num="43" count="14" type="stmt"/>
      <line num="51" count="1" type="stmt"/>
      <line num="52" count="1" type="stmt"/>
    </file>
  </project>
</coverage>
