{"C:\\Users\\vtliu\\Desktop\\CSE186\\Assignment 2\\templater.js": {"path":"C:\\Users\\vtliu\\Desktop\\CSE186\\Assignment 2\\templater.js","statementMap":{"0":{"start":{"line":11,"column":4},"end":{"line":11,"column":29}},"1":{"start":{"line":25,"column":4},"end":{"line":27,"column":5}},"2":{"start":{"line":26,"column":6},"end":{"line":26,"column":23}},"3":{"start":{"line":28,"column":17},"end":{"line":28,"column":30}},"4":{"start":{"line":29,"column":25},"end":{"line":29,"column":41}},"5":{"start":{"line":30,"column":4},"end":{"line":37,"column":5}},"6":{"start":{"line":30,"column":17},"end":{"line":30,"column":18}},"7":{"start":{"line":31,"column":20},"end":{"line":31,"column":62}},"8":{"start":{"line":32,"column":20},"end":{"line":32,"column":38}},"9":{"start":{"line":33,"column":6},"end":{"line":35,"column":7}},"10":{"start":{"line":34,"column":8},"end":{"line":34,"column":50}},"11":{"start":{"line":36,"column":6},"end":{"line":36,"column":59}},"12":{"start":{"line":38,"column":22},"end":{"line":38,"column":72}},"13":{"start":{"line":39,"column":4},"end":{"line":41,"column":5}},"14":{"start":{"line":40,"column":6},"end":{"line":40,"column":48}},"15":{"start":{"line":42,"column":4},"end":{"line":42,"column":46}},"16":{"start":{"line":43,"column":4},"end":{"line":43,"column":18}},"17":{"start":{"line":51,"column":0},"end":{"line":51,"column":33}},"18":{"start":{"line":52,"column":0},"end":{"line":52,"column":27}}},"fnMap":{"0":{"name":"(anonymous_0)","decl":{"start":{"line":10,"column":2},"end":{"line":10,"column":3}},"loc":{"start":{"line":10,"column":24},"end":{"line":12,"column":3}},"line":10},"1":{"name":"(anonymous_1)","decl":{"start":{"line":24,"column":2},"end":{"line":24,"column":3}},"loc":{"start":{"line":24,"column":21},"end":{"line":44,"column":3}},"line":24}},"branchMap":{"0":{"loc":{"start":{"line":25,"column":4},"end":{"line":27,"column":5}},"type":"if","locations":[{"start":{"line":25,"column":4},"end":{"line":27,"column":5}},{"start":{},"end":{}}],"line":25},"1":{"loc":{"start":{"line":33,"column":6},"end":{"line":35,"column":7}},"type":"if","locations":[{"start":{"line":33,"column":6},"end":{"line":35,"column":7}},{"start":{},"end":{}}],"line":33},"2":{"loc":{"start":{"line":33,"column":10},"end":{"line":33,"column":47}},"type":"binary-expr","locations":[{"start":{"line":33,"column":11},"end":{"line":33,"column":25}},{"start":{"line":33,"column":31},"end":{"line":33,"column":46}}],"line":33},"3":{"loc":{"start":{"line":39,"column":4},"end":{"line":41,"column":5}},"type":"if","locations":[{"start":{"line":39,"column":4},"end":{"line":41,"column":5}},{"start":{},"end":{}}],"line":39},"4":{"loc":{"start":{"line":39,"column":8},"end":{"line":39,"column":49}},"type":"binary-expr","locations":[{"start":{"line":39,"column":8},"end":{"line":39,"column":30}},{"start":{"line":39,"column":34},"end":{"line":39,"column":49}}],"line":39}},"s":{"0":18,"1":18,"2":2,"3":16,"4":16,"5":16,"6":16,"7":35,"8":35,"9":35,"10":1,"11":34,"12":15,"13":15,"14":1,"15":14,"16":14,"17":1,"18":1},"f":{"0":18,"1":18},"b":{"0":[2,16],"1":[1,34],"2":[35,7],"3":[1,14],"4":[15,8]},"_coverageSchema":"1a1c01bbd47fc00a2c39e90264f33305004495a9","hash":"f8be2a3fe555266b130dffb275ea2ab2ff3d72fd"}
}
